* using log directory ‘/home/livio/github/flip.Rcheck’
* using R version 3.2.0 (2015-04-16)
* using platform: x86_64-pc-linux-gnu (64-bit)
* using session charset: UTF-8
* checking for file ‘flip/DESCRIPTION’ ... OK
* checking extension type ... Package
* this is package ‘flip’ version ‘2.4.3’
* checking package namespace information ... OK
* checking package dependencies ... OK
* checking if this is a source package ... WARNING
Subdirectory ‘flip/src’ contains apparent object files/libraries
  RcppExports.o flip.so rom.o
Object files/libraries should not be included in a source package.
* checking if there is a namespace ... OK
* checking for executable files ... WARNING
Found the following executable files:
  .git/objects/0a/35219c40bb56e57c20065146869cb83db47365
  .git/objects/0d/2fb83a0ee03dc527f326e0cd4334c4c84e8376
  .git/objects/14/4b4f6f744111b83808a726897d97edd9ed2db5
  .git/objects/17/efeca4ef6fca026c96c4942c19f6ae7e9b5721
  .git/objects/1d/7c5a03d2c502dfb0d004c6d9fe0bb18a212921
  .git/objects/1e/40ca9367f0f0a710b2b21577671a6e7ec2d00c
  .git/objects/20/b043adfba9832bf17629c53179f170b6b1bd4f
  .git/objects/24/bcb784f68836c14476d8d30af48ef0f01caabc
  .git/objects/25/46a01d626d7a1149e84616b41b0e84e4aa6fae
  .git/objects/28/e5a2454554b13a17fbcea804a09e6a6f39dc62
  .git/objects/44/60013ffcf12064de3b4a9b62b04ebf1159913f
  .git/objects/53/e237e40ec8e53f802d4404fca78b9c400a577d
  .git/objects/56/6f2120c75634f636f390d98942ea1d7d756539
  .git/objects/58/6590c33aef0dde88816a8a130d78e2b6a40057
  .git/objects/5a/b8911acd96858b3aca4d78b5bbf5d3055d13be
  .git/objects/5f/0b32356d05e92703e64693a6b63083cdf9ab7a
  .git/objects/65/1dec42d98adee8e150a34eef3ec6f98d58357e
  .git/objects/70/9ecc870a53e71db2d60a4b1cb0c52628ffbd72
  .git/objects/73/2bd137aca268b7323dac226abc7487c9cc7acd
  .git/objects/78/abdd9513a330933d9cd51765a737ecd4e4c4a8
  .git/objects/83/6aaf3ef9e9bf809f83e6997b9d85b08e0daaaf
  .git/objects/83/b110c0a5adeae9dab29efd495c7946714f2b7b
  .git/objects/8f/cbbd6d2804869db6dde0b144d567bbfdf22eff
  .git/objects/90/90b1c35defa96222af426a75f1ca7359d7ce6d
  .git/objects/91/114bf2f2bba5e0c5252e75018da19b869776f1
  .git/objects/96/469d969d601c3c722679536c0093fa62eaf325
  .git/objects/9c/bc4f388abe12bd65b905976035c593f7385b62
  .git/objects/9f/71d898a46f8d51fdaea2c61e7651c569371dda
  .git/objects/9f/883059c87c8e5db0a3c7a6ebb74d168375b398
  .git/objects/a0/1483ded66e9051b9f11aca4977b122f9f9073d
  .git/objects/a3/b30e8d90c63235c18f9f78ba37e51661791e46
  .git/objects/a6/9628d6e4ab1123cc3300ada7d5e41b079e3a23
  .git/objects/a8/14c20b837c6a2f718f0e3ecea18466f71cebef
  .git/objects/ac/963f4cb81916aaf50206dd272f4329c489e655
  .git/objects/b1/2dbb0303508057fcd44477f804ff6fa951437f
  .git/objects/b5/f3593e5683a65270fe3bdcdca7656eb9e05f2d
  .git/objects/b8/a668dbfa07c73ddf0f6018025384d44c12cc4b
  .git/objects/bd/2bf9a72071b72ca97be05762f15695df877e66
  .git/objects/be/4ff61a581f6f4a0436dcb99ed4b7e4413f9f3b
  .git/objects/c7/87c460baa181835592e2a45b55a077a54812bb
  .git/objects/cd/a0a04f3aeb81acac8aefffbf63ab77cf8b5433
  .git/objects/d1/f056cdbeae5b7ba7066e517082482994a65c94
  .git/objects/d2/2e972ce5a34e900faa07973bd236a982dfa225
  .git/objects/da/4ae731809c2f4b927e53d5ccd7dc9c10d7ee3f
  .git/objects/df/189a56a7f3308aeed8f6b51cf63fd7dc58d5ee
  .git/objects/e6/1155faecfbcf9617242c7afc38d49911ba0d01
  .git/objects/e8/de43f9a6584812fa6a4f934f41ff1427d8a3cc
  .git/objects/e9/3d9fc43b487fc36a3375501b92e130141a3c42
  .git/objects/ef/0fcbfc7eac9239e4e674706538b3655453853b
  .git/objects/f9/09354a812ea98ed75086131bdc47549c74efb0
  .git/objects/fa/dd0ef39830336e20c074a1156828187e50c1b8
Source packages should not contain undeclared executable files.
See section ‘Package structure’ in the ‘Writing R Extensions’ manual.
* checking for hidden files and directories ... NOTE
Found the following hidden files and directories:
  .Rhistory
  .gitignore
  .Rproj.user
  .git
These were most likely included in error. See section ‘Package
structure’ in the ‘Writing R Extensions’ manual.
* checking for portable file names ... OK
* checking for sufficient/correct file permissions ... OK
* checking whether package ‘flip’ can be installed ... OK
* checking installed package size ... OK
* checking package directory ... OK
* checking DESCRIPTION meta-information ... OK
* checking top-level files ... NOTE
File
  LICENSE
is not mentioned in the DESCRIPTION file.
* checking for left-over files ... OK
* checking index information ... OK
* checking package subdirectories ... OK
* checking R files for non-ASCII characters ... OK
* checking R files for syntax errors ... OK
* checking whether the package can be loaded ... OK
* checking whether the package can be loaded with stated dependencies ... OK
* checking whether the package can be unloaded cleanly ... OK
* checking whether the namespace can be loaded with stated dependencies ... OK
* checking whether the namespace can be unloaded cleanly ... OK
* checking loading without being on the library search path ... OK
* checking dependencies in R code ... OK
* checking S3 generic/method consistency ... OK
* checking replacement functions ... OK
* checking foreign function calls ... OK
* checking R code for possible problems ... OK
* checking Rd files ... OK
* checking Rd metadata ... OK
* checking Rd cross-references ... OK
* checking for missing documentation entries ... OK
* checking for code/documentation mismatches ... OK
* checking Rd \usage sections ... OK
* checking Rd contents ... OK
* checking for unstated dependencies in examples ... OK
* checking contents of ‘data’ directory ... OK
* checking data for non-ASCII characters ... OK
* checking data for ASCII and uncompressed saves ... OK
* checking line endings in C/C++/Fortran sources/headers ... OK
* checking line endings in Makefiles ... OK
* checking compilation flags in Makevars ... OK
* checking for GNU extensions in Makefiles ... OK
* checking for portable use of $(BLAS_LIBS) and $(LAPACK_LIBS) ... OK
* checking compiled code ... OK
* checking examples ... OK
* checking PDF version of manual ... OK
* DONE
Status: 2 WARNINGs, 2 NOTEs
