Hmm ... looks like a package

This is pdfTeX, Version 3.1415926-2.5-1.40.14 (TeX Live 2013/Debian)
 restricted \write18 enabled.
entering extended mode
LaTeX2e <2011/06/27>
Babel <3.9h> and hyphenation patterns for 78 languages loaded.
(./Rd2.tex
(/usr/share/texlive/texmf-dist/tex/latex/base/book.cls
Document Class: book 2007/10/19 v1.4h Standard LaTeX document class
(/usr/share/texlive/texmf-dist/tex/latex/base/bk10.clo))
(/usr/share/R/share/texmf/tex/latex/Rd.sty
(/usr/share/texlive/texmf-dist/tex/latex/base/ifthen.sty)
(/usr/share/texlive/texmf-dist/tex/latex/tools/longtable.sty)
(/usr/share/texlive/texmf-dist/tex/latex/tools/bm.sty)
(/usr/share/texlive/texmf-dist/tex/latex/base/alltt.sty)
(/usr/share/texlive/texmf-dist/tex/latex/tools/verbatim.sty)
(/usr/share/texlive/texmf-dist/tex/latex/url/url.sty)
(/usr/share/texlive/texmf-dist/tex/latex/base/textcomp.sty
(/usr/share/texlive/texmf-dist/tex/latex/base/ts1enc.def))
(/usr/share/texlive/texmf-dist/tex/latex/base/fontenc.sty
(/usr/share/texlive/texmf-dist/tex/latex/base/t1enc.def))
(/usr/share/texlive/texmf-dist/tex/latex/psnfss/times.sty)
(/usr/share/texlive/texmf-dist/tex/latex/inconsolata/zi4.sty
(/usr/share/texlive/texmf-dist/tex/latex/graphics/keyval.sty))
(/usr/share/texlive/texmf-dist/tex/latex/graphics/color.sty
(/usr/share/texlive/texmf-dist/tex/latex/latexconfig/color.cfg)
(/usr/share/texlive/texmf-dist/tex/latex/pdftex-def/pdftex.def
(/usr/share/texlive/texmf-dist/tex/generic/oberdiek/infwarerr.sty)
(/usr/share/texlive/texmf-dist/tex/generic/oberdiek/ltxcmds.sty)))
(/usr/share/texlive/texmf-dist/tex/latex/hyperref/hyperref.sty
(/usr/share/texlive/texmf-dist/tex/generic/oberdiek/hobsub-hyperref.sty
(/usr/share/texlive/texmf-dist/tex/generic/oberdiek/hobsub-generic.sty))
(/usr/share/texlive/texmf-dist/tex/generic/ifxetex/ifxetex.sty)
(/usr/share/texlive/texmf-dist/tex/latex/oberdiek/auxhook.sty)
(/usr/share/texlive/texmf-dist/tex/latex/oberdiek/kvoptions.sty)
(/usr/share/texlive/texmf-dist/tex/latex/hyperref/pd1enc.def)
(/usr/share/texlive/texmf-dist/tex/latex/latexconfig/hyperref.cfg))

Package hyperref Message: Driver (autodetected): hpdftex.

(/usr/share/texlive/texmf-dist/tex/latex/hyperref/hpdftex.def
(/usr/share/texlive/texmf-dist/tex/latex/oberdiek/rerunfilecheck.sty))

Package hyperref Warning: Option `hyperindex' has already been used,
(hyperref)                setting the option has no effect on input line 366.


Package hyperref Warning: Option `pagebackref' has already been used,
(hyperref)                setting the option has no effect on input line 366.

) (/usr/share/texlive/texmf-dist/tex/latex/base/makeidx.sty)
(/usr/share/texlive/texmf-dist/tex/latex/base/inputenc.sty
(/usr/share/texlive/texmf-dist/tex/latex/base/utf8.def
(/usr/share/texlive/texmf-dist/tex/latex/base/t1enc.dfu)
(/usr/share/texlive/texmf-dist/tex/latex/base/ot1enc.dfu)
(/usr/share/texlive/texmf-dist/tex/latex/base/omsenc.dfu)
(/usr/share/texlive/texmf-dist/tex/latex/base/ts1enc.dfu))
(/usr/share/texlive/texmf-dist/tex/latex/base/latin1.def))
Writing index file Rd2.idx
No file Rd2.aux.
(/usr/share/texlive/texmf-dist/tex/latex/base/ts1cmr.fd)
(/usr/share/texlive/texmf-dist/tex/latex/psnfss/t1ptm.fd)
(/usr/share/texlive/texmf-dist/tex/context/base/supp-pdf.mkii
[Loading MPS to PDF converter (version 2006.09.02).]
) (/usr/share/texlive/texmf-dist/tex/latex/hyperref/nameref.sty
(/usr/share/texlive/texmf-dist/tex/generic/oberdiek/gettitlestring.sty))
(/usr/share/texlive/texmf-dist/tex/latex/inconsolata/t1zi4.fd)
(/usr/share/texlive/texmf-dist/tex/latex/psnfss/t1phv.fd)
(/usr/share/texlive/texmf-dist/tex/latex/base/utf8.def) [1{/var/lib/texmf/fonts
/map/pdftex/updmap/pdftex.map}]
Overfull \hbox (0.81737pt too wide) in paragraph at lines 79--82
\T1/ptm/m/n/10 Models. Com-mu-ni-ca-tions in Statis-tics - The-ory and Meth-ods
. DOI 10.1080/03610926.2011.627103 
[2] (/usr/share/texlive/texmf-dist/tex/latex/base/utf8.def) [3] [4]
(/usr/share/texlive/texmf-dist/tex/latex/inconsolata/ts1zi4.fd)
Overfull \hbox (2.3887pt too wide) in paragraph at lines 198--201
[]\T1/zi4/m/n/10 "ANOVA" \T1/ptm/m/n/10 is syn-onyms of \T1/zi4/m/n/10 "F"\T1/p
tm/m/n/10 . Only valid for de-pen-dence tests (i.e. non con-stant \T1/zi4/m/n/1
0 X\T1/ptm/m/n/10 ). \T1/zi4/m/n/10 "Mann-Whitney"
[5] [6] (/usr/share/texlive/texmf-dist/tex/latex/base/utf8.def) [7]
Overfull \hbox (14.27885pt too wide) in paragraph at lines 377--385
[]\T1/ptm/m/n/10 Character string of ei-ther slot names of \T1/zi4/m/n/10 obj \
T1/ptm/m/n/10 (i.e. \T1/zi4/m/n/10 "res","call","permP","permT"\T1/ptm/m/n/10 ,


Overfull \hbox (13.92995pt too wide) in paragraph at lines 377--385
\T1/zi4/m/n/10 "permSpace","permY","tail","data","call.env"\T1/ptm/m/n/10 ), el
-e-ments of slot \T1/zi4/m/n/10 obj@data

Overfull \hbox (5.21997pt too wide) in paragraph at lines 377--385
\T1/ptm/m/n/10 (e.g. \T1/zi4/m/n/10 "Y","X","Z","Strata"\T1/ptm/m/n/10 ) or col
umns of \T1/zi4/m/n/10 obj@res \T1/ptm/m/n/10 (usu-ally \T1/zi4/m/n/10 "Test","
Stat",

Overfull \hbox (12.8867pt too wide) in paragraph at lines 401--403
[]\T1/ptm/m/n/10 A list that may con-tain \T1/zi4/m/n/10 B,n,rotFunct,permID\T1
/ptm/m/n/10 . \T1/zi4/m/n/10 B \T1/ptm/m/n/10 is the num-ber of per-mu-ta-tions
/rotations,
[8] [9]
Overfull \hbox (20.58096pt too wide) in paragraph at lines 465--465
 []\T1/zi4/m/n/9 #Get any columns of the results table: obj@res. eg Statistic (
choose among colnames(obj@res) ):[] 
(/usr/share/texlive/texmf-dist/tex/latex/base/utf8.def)
Overfull \hbox (8.78088pt too wide) in paragraph at lines 485--485
 []          \T1/zi4/m/n/10 Su = NULL, equal.se = FALSE, se = NA, replaceNA.coe
ffWithin = "coeffMeans",[] 

Overfull \hbox (21.78088pt too wide) in paragraph at lines 493--493
 []\T1/zi4/m/n/10 obs2coeffWithin(modelWithin, units, X = NULL, Z = NULL, data 
= NULL, equal.se = FALSE,[] 

Overfull \hbox (0.78088pt too wide) in paragraph at lines 494--494
 []          \T1/zi4/m/n/10 se = NA, replaceNA.coeffWithin = NA, replaceNA.coef
fWithin.se = Inf, ...)[] 
[10]
Overfull \hbox (11.29906pt too wide) in paragraph at lines 514--515
[]\T1/ptm/m/n/10 NOTE: When called from \T1/zi4/m/n/10 flipMixWithin\T1/ptm/m/n
/10 , \T1/zi4/m/n/10 W \T1/ptm/m/n/10 is used only if \T1/zi4/m/n/10 statTest="
TBTWest"\T1/ptm/m/n/10 . 

Overfull \hbox (5.51837pt too wide) in paragraph at lines 540--542
[]\T1/ptm/m/n/10 See also the func-tion [][]\T1/zi4/m/n/10 flip[][][]\T1/ptm/m/
n/10 . Note that this op-tion used only with func-tion \T1/zi4/m/n/10 flipMix\T
1/ptm/m/n/10 . 
[11]
Overfull \hbox (0.78098pt too wide) in paragraph at lines 597--597
 []               \T1/zi4/m/n/9 Y2=rnorm(n=N*4,mean=toyData$subj+toyData$ZBetwe
en+toyData$Within*2),toyData)[] 

Overfull \hbox (4.38092pt too wide) in paragraph at lines 603--603
 []      \T1/zi4/m/n/9 X=~XBetween,Z=~ZBetween,units=~subj,perms=1000,testType=
"permutation",statTest="t"))[] 
[12] (/usr/share/texlive/texmf-dist/tex/latex/base/utf8.def) [13]
Overfull \hbox (2.85948pt too wide) in paragraph at lines 666--668
[]\T1/ptm/m/n/10 A method among [][]\T1/zi4/m/n/10 flip.npc.methods[][][] \T1/p
tm/m/n/10 or [][]\T1/zi4/m/n/10 p.adjust.methods[][][]\T1/ptm/m/n/10 . By de-fa
ult \T1/zi4/m/n/10 "maxT"

Overfull \hbox (34.13953pt too wide) in paragraph at lines 677--682
\T1/ptm/m/n/10 be a vec-tor of col-umn names or in-dices of a [][]\T1/zi4/m/n/1
0 flip.object-class[][][] \T1/ptm/m/n/10 (\T1/zi4/m/n/10 names(flipObject)\T1/p
tm/m/n/10 ),

Overfull \hbox (18.21898pt too wide) in paragraph at lines 687--689
\T1/ptm/m/n/10 tive for the \T1/zi4/m/n/10 permTP \T1/ptm/m/n/10 (see also [][]
\T1/zi4/m/n/10 flip[][][]\T1/ptm/m/n/10 ). The ar-gu-ments \T1/zi4/m/n/10 statT
est\T1/ptm/m/n/10 , \T1/zi4/m/n/10 fastSumCombination

Overfull \hbox (96.78008pt too wide) in paragraph at lines 687--689
\T1/ptm/m/n/10 and \T1/zi4/m/n/10 linComb \T1/ptm/m/n/10 are used in ob-jects \
T1/zi4/m/n/10 flipMix \T1/ptm/m/n/10 and \T1/zi4/m/n/10 comb.funct= "data.sum",
"data.linComb","data.pc"
[14]
Overfull \hbox (10.02907pt too wide) in paragraph at lines 725--726
[]\T1/ptm/m/n/10 The func-tion re-turns an ob-ject of class [][]\T1/zi4/m/n/10 
flip.object-class[][][] \T1/ptm/m/n/10 (and the use of \T1/zi4/m/n/10 getFlip(o
bj,"Adjust")\T1/ptm/m/n/10 . 
[15] (/usr/share/texlive/texmf-dist/tex/latex/base/utf8.def)
Overfull \hbox (5.94893pt too wide) in paragraph at lines 780--781
[]\T1/zi4/m/n/10 make.permSpace \T1/ptm/m/n/10 com-putes the \T1/zi4/m/n/10 per
ms \T1/ptm/m/n/10 x n ma-trix of ids used for test of de-pen-dence. \T1/zi4/m/n
/10 make.signSpace

Overfull \hbox (6.28761pt too wide) in paragraph at lines 784--785
[]\T1/zi4/m/n/10 romFast \T1/ptm/m/n/10 com-putes a Ran-dom Or-thog-o-nal Ma-tr
ix of size \T1/zi4/m/n/10 n\T1/ptm/m/n/10 X\T1/zi4/m/n/10 n \T1/ptm/m/n/10 us-i
ng the \T1/zi4/m/n/10 qr.Q \T1/ptm/m/n/10 de-com-po-si-tion. \T1/zi4/m/n/10 rom
Fast

Overfull \hbox (4.24846pt too wide) in paragraph at lines 786--787
[]\T1/zi4/m/n/10 allpermutations \T1/ptm/m/n/10 com-putes all per-mu-ta-tions o
f a vec-tor \T1/zi4/m/n/10 Y\T1/ptm/m/n/10 . Is is based on the func-tion \T1/z
i4/m/n/10 permutations

Overfull \hbox (68.78088pt too wide) in paragraph at lines 793--793
 []\T1/zi4/m/n/10 make.permSpace(IDs,perms,return.permIDs=FALSE,testType="permu
tation",Strata=NULL, X=NULL,...)[] 
[16] (/usr/share/texlive/texmf-dist/tex/latex/base/utf8.def) [17]
No file Rd2.ind.
[18] (./Rd2.aux)

Package rerunfilecheck Warning: File `Rd2.out' has changed.
(rerunfilecheck)                Rerun to get outlines right
(rerunfilecheck)                or use package `bookmark'.

 )
(see the transcript file for additional information)pdfTeX warning (dest): name
{Rfn.cherry:closed} has been referenced but does not exist, replaced by a fixed
 one

pdfTeX warning (dest): name{Rfn.p.adjust.methods} has been referenced but does 
not exist, replaced by a fixed one

pdfTeX warning (dest): name{Rfn.formula} has been referenced but does not exist
, replaced by a fixed one

{/usr/share/texlive/texmf-dist/fonts/enc/dvips/inconsolata/i4-ts1.enc}{/usr/sha
re/texlive/texmf-dist/fonts/enc/dvips/base/8r.enc}{/usr/share/texlive/texmf-dis
t/fonts/enc/dvips/inconsolata/i4-t1-0.enc}</usr/share/texlive/texmf-dist/fonts/
type1/public/inconsolata/Inconsolata-zi4r.pfb></usr/share/texlive/texmf-dist/fo
nts/type1/urw/helvetic/uhvr8a.pfb></usr/share/texlive/texmf-dist/fonts/type1/ur
w/times/utmb8a.pfb></usr/share/texlive/texmf-dist/fonts/type1/urw/times/utmr8a.
pfb></usr/share/texlive/texmf-dist/fonts/type1/urw/times/utmr8a.pfb></usr/share
/texlive/texmf-dist/fonts/type1/urw/times/utmri8a.pfb>
Output written on Rd2.pdf (18 pages, 118611 bytes).
Transcript written on Rd2.log.
This is makeindex, version 2.15 [TeX Live 2013] (kpathsea + Thai support).
Scanning input file Rd2.idx....done (90 entries accepted, 5 rejected).
Sorting entries....done (600 comparisons).
Generating output file Rd2.ind....done (157 lines written, 0 warnings).
Output written in Rd2.ind.
Transcript written in Rd2.ilg.
This is pdfTeX, Version 3.1415926-2.5-1.40.14 (TeX Live 2013/Debian)
 restricted \write18 enabled.
entering extended mode
LaTeX2e <2011/06/27>
Babel <3.9h> and hyphenation patterns for 78 languages loaded.
(./Rd2.tex
(/usr/share/texlive/texmf-dist/tex/latex/base/book.cls
Document Class: book 2007/10/19 v1.4h Standard LaTeX document class
(/usr/share/texlive/texmf-dist/tex/latex/base/bk10.clo))
(/usr/share/R/share/texmf/tex/latex/Rd.sty
(/usr/share/texlive/texmf-dist/tex/latex/base/ifthen.sty)
(/usr/share/texlive/texmf-dist/tex/latex/tools/longtable.sty)
(/usr/share/texlive/texmf-dist/tex/latex/tools/bm.sty)
(/usr/share/texlive/texmf-dist/tex/latex/base/alltt.sty)
(/usr/share/texlive/texmf-dist/tex/latex/tools/verbatim.sty)
(/usr/share/texlive/texmf-dist/tex/latex/url/url.sty)
(/usr/share/texlive/texmf-dist/tex/latex/base/textcomp.sty
(/usr/share/texlive/texmf-dist/tex/latex/base/ts1enc.def))
(/usr/share/texlive/texmf-dist/tex/latex/base/fontenc.sty
(/usr/share/texlive/texmf-dist/tex/latex/base/t1enc.def))
(/usr/share/texlive/texmf-dist/tex/latex/psnfss/times.sty)
(/usr/share/texlive/texmf-dist/tex/latex/inconsolata/zi4.sty
(/usr/share/texlive/texmf-dist/tex/latex/graphics/keyval.sty))
(/usr/share/texlive/texmf-dist/tex/latex/graphics/color.sty
(/usr/share/texlive/texmf-dist/tex/latex/latexconfig/color.cfg)
(/usr/share/texlive/texmf-dist/tex/latex/pdftex-def/pdftex.def
(/usr/share/texlive/texmf-dist/tex/generic/oberdiek/infwarerr.sty)
(/usr/share/texlive/texmf-dist/tex/generic/oberdiek/ltxcmds.sty)))
(/usr/share/texlive/texmf-dist/tex/latex/hyperref/hyperref.sty
(/usr/share/texlive/texmf-dist/tex/generic/oberdiek/hobsub-hyperref.sty
(/usr/share/texlive/texmf-dist/tex/generic/oberdiek/hobsub-generic.sty))
(/usr/share/texlive/texmf-dist/tex/generic/ifxetex/ifxetex.sty)
(/usr/share/texlive/texmf-dist/tex/latex/oberdiek/auxhook.sty)
(/usr/share/texlive/texmf-dist/tex/latex/oberdiek/kvoptions.sty)
(/usr/share/texlive/texmf-dist/tex/latex/hyperref/pd1enc.def)
(/usr/share/texlive/texmf-dist/tex/latex/latexconfig/hyperref.cfg))

Package hyperref Message: Driver (autodetected): hpdftex.

(/usr/share/texlive/texmf-dist/tex/latex/hyperref/hpdftex.def
(/usr/share/texlive/texmf-dist/tex/latex/oberdiek/rerunfilecheck.sty))

Package hyperref Warning: Option `hyperindex' has already been used,
(hyperref)                setting the option has no effect on input line 366.


Package hyperref Warning: Option `pagebackref' has already been used,
(hyperref)                setting the option has no effect on input line 366.

) (/usr/share/texlive/texmf-dist/tex/latex/base/makeidx.sty)
(/usr/share/texlive/texmf-dist/tex/latex/base/inputenc.sty
(/usr/share/texlive/texmf-dist/tex/latex/base/utf8.def
(/usr/share/texlive/texmf-dist/tex/latex/base/t1enc.dfu)
(/usr/share/texlive/texmf-dist/tex/latex/base/ot1enc.dfu)
(/usr/share/texlive/texmf-dist/tex/latex/base/omsenc.dfu)
(/usr/share/texlive/texmf-dist/tex/latex/base/ts1enc.dfu))
(/usr/share/texlive/texmf-dist/tex/latex/base/latin1.def))
Writing index file Rd2.idx
(./Rd2.aux) (/usr/share/texlive/texmf-dist/tex/latex/base/ts1cmr.fd)
(/usr/share/texlive/texmf-dist/tex/latex/psnfss/t1ptm.fd)
(/usr/share/texlive/texmf-dist/tex/context/base/supp-pdf.mkii
[Loading MPS to PDF converter (version 2006.09.02).]
) (/usr/share/texlive/texmf-dist/tex/latex/hyperref/nameref.sty
(/usr/share/texlive/texmf-dist/tex/generic/oberdiek/gettitlestring.sty))
(./Rd2.out) (./Rd2.out)
(/usr/share/texlive/texmf-dist/tex/latex/inconsolata/t1zi4.fd)
(/usr/share/texlive/texmf-dist/tex/latex/psnfss/t1phv.fd) (./Rd2.toc)
(/usr/share/texlive/texmf-dist/tex/latex/base/utf8.def) [1{/var/lib/texmf/fonts
/map/pdftex/updmap/pdftex.map}]
Overfull \hbox (0.81737pt too wide) in paragraph at lines 79--82
\T1/ptm/m/n/10 Models. Com-mu-ni-ca-tions in Statis-tics - The-ory and Meth-ods
. DOI 10.1080/03610926.2011.627103 
[2] (/usr/share/texlive/texmf-dist/tex/latex/base/utf8.def) [3] [4]
(/usr/share/texlive/texmf-dist/tex/latex/inconsolata/ts1zi4.fd)
Overfull \hbox (2.3887pt too wide) in paragraph at lines 198--201
[]\T1/zi4/m/n/10 "ANOVA" \T1/ptm/m/n/10 is syn-onyms of \T1/zi4/m/n/10 "F"\T1/p
tm/m/n/10 . Only valid for de-pen-dence tests (i.e. non con-stant \T1/zi4/m/n/1
0 X\T1/ptm/m/n/10 ). \T1/zi4/m/n/10 "Mann-Whitney"
[5] [6] (/usr/share/texlive/texmf-dist/tex/latex/base/utf8.def) [7]
Overfull \hbox (14.27885pt too wide) in paragraph at lines 377--385
[]\T1/ptm/m/n/10 Character string of ei-ther slot names of \T1/zi4/m/n/10 obj \
T1/ptm/m/n/10 (i.e. \T1/zi4/m/n/10 "res","call","permP","permT"\T1/ptm/m/n/10 ,


Overfull \hbox (13.92995pt too wide) in paragraph at lines 377--385
\T1/zi4/m/n/10 "permSpace","permY","tail","data","call.env"\T1/ptm/m/n/10 ), el
-e-ments of slot \T1/zi4/m/n/10 obj@data

Overfull \hbox (5.21997pt too wide) in paragraph at lines 377--385
\T1/ptm/m/n/10 (e.g. \T1/zi4/m/n/10 "Y","X","Z","Strata"\T1/ptm/m/n/10 ) or col
umns of \T1/zi4/m/n/10 obj@res \T1/ptm/m/n/10 (usu-ally \T1/zi4/m/n/10 "Test","
Stat",

Overfull \hbox (12.8867pt too wide) in paragraph at lines 401--403
[]\T1/ptm/m/n/10 A list that may con-tain \T1/zi4/m/n/10 B,n,rotFunct,permID\T1
/ptm/m/n/10 . \T1/zi4/m/n/10 B \T1/ptm/m/n/10 is the num-ber of per-mu-ta-tions
/rotations,
[8] [9]
Overfull \hbox (20.58096pt too wide) in paragraph at lines 465--465
 []\T1/zi4/m/n/9 #Get any columns of the results table: obj@res. eg Statistic (
choose among colnames(obj@res) ):[] 
(/usr/share/texlive/texmf-dist/tex/latex/base/utf8.def)
Overfull \hbox (8.78088pt too wide) in paragraph at lines 485--485
 []          \T1/zi4/m/n/10 Su = NULL, equal.se = FALSE, se = NA, replaceNA.coe
ffWithin = "coeffMeans",[] 

Overfull \hbox (21.78088pt too wide) in paragraph at lines 493--493
 []\T1/zi4/m/n/10 obs2coeffWithin(modelWithin, units, X = NULL, Z = NULL, data 
= NULL, equal.se = FALSE,[] 

Overfull \hbox (0.78088pt too wide) in paragraph at lines 494--494
 []          \T1/zi4/m/n/10 se = NA, replaceNA.coeffWithin = NA, replaceNA.coef
fWithin.se = Inf, ...)[] 
[10]
Overfull \hbox (11.29906pt too wide) in paragraph at lines 514--515
[]\T1/ptm/m/n/10 NOTE: When called from \T1/zi4/m/n/10 flipMixWithin\T1/ptm/m/n
/10 , \T1/zi4/m/n/10 W \T1/ptm/m/n/10 is used only if \T1/zi4/m/n/10 statTest="
TBTWest"\T1/ptm/m/n/10 . 

Overfull \hbox (5.51837pt too wide) in paragraph at lines 540--542
[]\T1/ptm/m/n/10 See also the func-tion [][]\T1/zi4/m/n/10 flip[][][]\T1/ptm/m/
n/10 . Note that this op-tion used only with func-tion \T1/zi4/m/n/10 flipMix\T
1/ptm/m/n/10 . 
[11]
Overfull \hbox (0.78098pt too wide) in paragraph at lines 597--597
 []               \T1/zi4/m/n/9 Y2=rnorm(n=N*4,mean=toyData$subj+toyData$ZBetwe
en+toyData$Within*2),toyData)[] 

Overfull \hbox (4.38092pt too wide) in paragraph at lines 603--603
 []      \T1/zi4/m/n/9 X=~XBetween,Z=~ZBetween,units=~subj,perms=1000,testType=
"permutation",statTest="t"))[] 
[12] (/usr/share/texlive/texmf-dist/tex/latex/base/utf8.def) [13]
Overfull \hbox (2.85948pt too wide) in paragraph at lines 666--668
[]\T1/ptm/m/n/10 A method among [][]\T1/zi4/m/n/10 flip.npc.methods[][][] \T1/p
tm/m/n/10 or [][]\T1/zi4/m/n/10 p.adjust.methods[][][]\T1/ptm/m/n/10 . By de-fa
ult \T1/zi4/m/n/10 "maxT"

Overfull \hbox (34.13953pt too wide) in paragraph at lines 677--682
\T1/ptm/m/n/10 be a vec-tor of col-umn names or in-dices of a [][]\T1/zi4/m/n/1
0 flip.object-class[][][] \T1/ptm/m/n/10 (\T1/zi4/m/n/10 names(flipObject)\T1/p
tm/m/n/10 ),

Overfull \hbox (18.21898pt too wide) in paragraph at lines 687--689
\T1/ptm/m/n/10 tive for the \T1/zi4/m/n/10 permTP \T1/ptm/m/n/10 (see also [][]
\T1/zi4/m/n/10 flip[][][]\T1/ptm/m/n/10 ). The ar-gu-ments \T1/zi4/m/n/10 statT
est\T1/ptm/m/n/10 , \T1/zi4/m/n/10 fastSumCombination

Overfull \hbox (96.78008pt too wide) in paragraph at lines 687--689
\T1/ptm/m/n/10 and \T1/zi4/m/n/10 linComb \T1/ptm/m/n/10 are used in ob-jects \
T1/zi4/m/n/10 flipMix \T1/ptm/m/n/10 and \T1/zi4/m/n/10 comb.funct= "data.sum",
"data.linComb","data.pc"
[14]
Overfull \hbox (10.02907pt too wide) in paragraph at lines 725--726
[]\T1/ptm/m/n/10 The func-tion re-turns an ob-ject of class [][]\T1/zi4/m/n/10 
flip.object-class[][][] \T1/ptm/m/n/10 (and the use of \T1/zi4/m/n/10 getFlip(o
bj,"Adjust")\T1/ptm/m/n/10 . 
[15] (/usr/share/texlive/texmf-dist/tex/latex/base/utf8.def)
Overfull \hbox (5.94893pt too wide) in paragraph at lines 780--781
[]\T1/zi4/m/n/10 make.permSpace \T1/ptm/m/n/10 com-putes the \T1/zi4/m/n/10 per
ms \T1/ptm/m/n/10 x n ma-trix of ids used for test of de-pen-dence. \T1/zi4/m/n
/10 make.signSpace

Overfull \hbox (6.28761pt too wide) in paragraph at lines 784--785
[]\T1/zi4/m/n/10 romFast \T1/ptm/m/n/10 com-putes a Ran-dom Or-thog-o-nal Ma-tr
ix of size \T1/zi4/m/n/10 n\T1/ptm/m/n/10 X\T1/zi4/m/n/10 n \T1/ptm/m/n/10 us-i
ng the \T1/zi4/m/n/10 qr.Q \T1/ptm/m/n/10 de-com-po-si-tion. \T1/zi4/m/n/10 rom
Fast

Overfull \hbox (4.24846pt too wide) in paragraph at lines 786--787
[]\T1/zi4/m/n/10 allpermutations \T1/ptm/m/n/10 com-putes all per-mu-ta-tions o
f a vec-tor \T1/zi4/m/n/10 Y\T1/ptm/m/n/10 . Is is based on the func-tion \T1/z
i4/m/n/10 permutations

Overfull \hbox (68.78088pt too wide) in paragraph at lines 793--793
 []\T1/zi4/m/n/10 make.permSpace(IDs,perms,return.permIDs=FALSE,testType="permu
tation",Strata=NULL, X=NULL,...)[] 
[16] (/usr/share/texlive/texmf-dist/tex/latex/base/utf8.def) [17] (./Rd2.ind
[18]

LaTeX Font Warning: Font shape `T1/zi4/m/it' undefined
(Font)              using `T1/zi4/m/n' instead on input line 14.

[19] [20]) (./Rd2.aux)

Package rerunfilecheck Warning: File `Rd2.out' has changed.
(rerunfilecheck)                Rerun to get outlines right
(rerunfilecheck)                or use package `bookmark'.


LaTeX Font Warning: Some font shapes were not available, defaults substituted.

 )
(see the transcript file for additional information)pdfTeX warning (dest): name
{Rfn.cherry:closed} has been referenced but does not exist, replaced by a fixed
 one

pdfTeX warning (dest): name{Rfn.p.adjust.methods} has been referenced but does 
not exist, replaced by a fixed one

pdfTeX warning (dest): name{Rfn.formula} has been referenced but does not exist
, replaced by a fixed one

{/usr/share/texlive/texmf-dist/fonts/enc/dvips/inconsolata/i4-ts1.enc}{/usr/sha
re/texlive/texmf-dist/fonts/enc/dvips/base/8r.enc}{/usr/share/texlive/texmf-dis
t/fonts/enc/dvips/inconsolata/i4-t1-0.enc}</usr/share/texlive/texmf-dist/fonts/
type1/public/inconsolata/Inconsolata-zi4r.pfb></usr/share/texlive/texmf-dist/fo
nts/type1/public/amsfonts/cm/cmsy10.pfb></usr/share/texlive/texmf-dist/fonts/ty
pe1/urw/helvetic/uhvr8a.pfb></usr/share/texlive/texmf-dist/fonts/type1/urw/time
s/utmb8a.pfb></usr/share/texlive/texmf-dist/fonts/type1/urw/times/utmr8a.pfb></
usr/share/texlive/texmf-dist/fonts/type1/urw/times/utmr8a.pfb></usr/share/texli
ve/texmf-dist/fonts/type1/urw/times/utmri8a.pfb>
Output written on Rd2.pdf (20 pages, 133350 bytes).
Transcript written on Rd2.log.
This is makeindex, version 2.15 [TeX Live 2013] (kpathsea + Thai support).
Scanning input file Rd2.idx....done (90 entries accepted, 5 rejected).
Sorting entries....done (600 comparisons).
Generating output file Rd2.ind....done (157 lines written, 0 warnings).
Output written in Rd2.ind.
Transcript written in Rd2.ilg.
This is pdfTeX, Version 3.1415926-2.5-1.40.14 (TeX Live 2013/Debian)
 restricted \write18 enabled.
entering extended mode
LaTeX2e <2011/06/27>
Babel <3.9h> and hyphenation patterns for 78 languages loaded.
(./Rd2.tex
(/usr/share/texlive/texmf-dist/tex/latex/base/book.cls
Document Class: book 2007/10/19 v1.4h Standard LaTeX document class
(/usr/share/texlive/texmf-dist/tex/latex/base/bk10.clo))
(/usr/share/R/share/texmf/tex/latex/Rd.sty
(/usr/share/texlive/texmf-dist/tex/latex/base/ifthen.sty)
(/usr/share/texlive/texmf-dist/tex/latex/tools/longtable.sty)
(/usr/share/texlive/texmf-dist/tex/latex/tools/bm.sty)
(/usr/share/texlive/texmf-dist/tex/latex/base/alltt.sty)
(/usr/share/texlive/texmf-dist/tex/latex/tools/verbatim.sty)
(/usr/share/texlive/texmf-dist/tex/latex/url/url.sty)
(/usr/share/texlive/texmf-dist/tex/latex/base/textcomp.sty
(/usr/share/texlive/texmf-dist/tex/latex/base/ts1enc.def))
(/usr/share/texlive/texmf-dist/tex/latex/base/fontenc.sty
(/usr/share/texlive/texmf-dist/tex/latex/base/t1enc.def))
(/usr/share/texlive/texmf-dist/tex/latex/psnfss/times.sty)
(/usr/share/texlive/texmf-dist/tex/latex/inconsolata/zi4.sty
(/usr/share/texlive/texmf-dist/tex/latex/graphics/keyval.sty))
(/usr/share/texlive/texmf-dist/tex/latex/graphics/color.sty
(/usr/share/texlive/texmf-dist/tex/latex/latexconfig/color.cfg)
(/usr/share/texlive/texmf-dist/tex/latex/pdftex-def/pdftex.def
(/usr/share/texlive/texmf-dist/tex/generic/oberdiek/infwarerr.sty)
(/usr/share/texlive/texmf-dist/tex/generic/oberdiek/ltxcmds.sty)))
(/usr/share/texlive/texmf-dist/tex/latex/hyperref/hyperref.sty
(/usr/share/texlive/texmf-dist/tex/generic/oberdiek/hobsub-hyperref.sty
(/usr/share/texlive/texmf-dist/tex/generic/oberdiek/hobsub-generic.sty))
(/usr/share/texlive/texmf-dist/tex/generic/ifxetex/ifxetex.sty)
(/usr/share/texlive/texmf-dist/tex/latex/oberdiek/auxhook.sty)
(/usr/share/texlive/texmf-dist/tex/latex/oberdiek/kvoptions.sty)
(/usr/share/texlive/texmf-dist/tex/latex/hyperref/pd1enc.def)
(/usr/share/texlive/texmf-dist/tex/latex/latexconfig/hyperref.cfg))

Package hyperref Message: Driver (autodetected): hpdftex.

(/usr/share/texlive/texmf-dist/tex/latex/hyperref/hpdftex.def
(/usr/share/texlive/texmf-dist/tex/latex/oberdiek/rerunfilecheck.sty))

Package hyperref Warning: Option `hyperindex' has already been used,
(hyperref)                setting the option has no effect on input line 366.


Package hyperref Warning: Option `pagebackref' has already been used,
(hyperref)                setting the option has no effect on input line 366.

) (/usr/share/texlive/texmf-dist/tex/latex/base/makeidx.sty)
(/usr/share/texlive/texmf-dist/tex/latex/base/inputenc.sty
(/usr/share/texlive/texmf-dist/tex/latex/base/utf8.def
(/usr/share/texlive/texmf-dist/tex/latex/base/t1enc.dfu)
(/usr/share/texlive/texmf-dist/tex/latex/base/ot1enc.dfu)
(/usr/share/texlive/texmf-dist/tex/latex/base/omsenc.dfu)
(/usr/share/texlive/texmf-dist/tex/latex/base/ts1enc.dfu))
(/usr/share/texlive/texmf-dist/tex/latex/base/latin1.def))
Writing index file Rd2.idx
(./Rd2.aux) (/usr/share/texlive/texmf-dist/tex/latex/base/ts1cmr.fd)
(/usr/share/texlive/texmf-dist/tex/latex/psnfss/t1ptm.fd)
(/usr/share/texlive/texmf-dist/tex/context/base/supp-pdf.mkii
[Loading MPS to PDF converter (version 2006.09.02).]
) (/usr/share/texlive/texmf-dist/tex/latex/hyperref/nameref.sty
(/usr/share/texlive/texmf-dist/tex/generic/oberdiek/gettitlestring.sty))
(./Rd2.out) (./Rd2.out)
(/usr/share/texlive/texmf-dist/tex/latex/inconsolata/t1zi4.fd)
(/usr/share/texlive/texmf-dist/tex/latex/psnfss/t1phv.fd) (./Rd2.toc [1{/var/li
b/texmf/fonts/map/pdftex/updmap/pdftex.map}])
(/usr/share/texlive/texmf-dist/tex/latex/base/utf8.def) [2]
Overfull \hbox (0.81737pt too wide) in paragraph at lines 79--82
\T1/ptm/m/n/10 Models. Com-mu-ni-ca-tions in Statis-tics - The-ory and Meth-ods
. DOI 10.1080/03610926.2011.627103 
(/usr/share/texlive/texmf-dist/tex/latex/base/utf8.def) [3] [4]
(/usr/share/texlive/texmf-dist/tex/latex/inconsolata/ts1zi4.fd)
Overfull \hbox (2.3887pt too wide) in paragraph at lines 198--201
[]\T1/zi4/m/n/10 "ANOVA" \T1/ptm/m/n/10 is syn-onyms of \T1/zi4/m/n/10 "F"\T1/p
tm/m/n/10 . Only valid for de-pen-dence tests (i.e. non con-stant \T1/zi4/m/n/1
0 X\T1/ptm/m/n/10 ). \T1/zi4/m/n/10 "Mann-Whitney"
[5] [6] (/usr/share/texlive/texmf-dist/tex/latex/base/utf8.def) [7]
Overfull \hbox (14.27885pt too wide) in paragraph at lines 377--385
[]\T1/ptm/m/n/10 Character string of ei-ther slot names of \T1/zi4/m/n/10 obj \
T1/ptm/m/n/10 (i.e. \T1/zi4/m/n/10 "res","call","permP","permT"\T1/ptm/m/n/10 ,


Overfull \hbox (13.92995pt too wide) in paragraph at lines 377--385
\T1/zi4/m/n/10 "permSpace","permY","tail","data","call.env"\T1/ptm/m/n/10 ), el
-e-ments of slot \T1/zi4/m/n/10 obj@data

Overfull \hbox (5.21997pt too wide) in paragraph at lines 377--385
\T1/ptm/m/n/10 (e.g. \T1/zi4/m/n/10 "Y","X","Z","Strata"\T1/ptm/m/n/10 ) or col
umns of \T1/zi4/m/n/10 obj@res \T1/ptm/m/n/10 (usu-ally \T1/zi4/m/n/10 "Test","
Stat",

Overfull \hbox (12.8867pt too wide) in paragraph at lines 401--403
[]\T1/ptm/m/n/10 A list that may con-tain \T1/zi4/m/n/10 B,n,rotFunct,permID\T1
/ptm/m/n/10 . \T1/zi4/m/n/10 B \T1/ptm/m/n/10 is the num-ber of per-mu-ta-tions
/rotations,
[8] [9]
Overfull \hbox (20.58096pt too wide) in paragraph at lines 465--465
 []\T1/zi4/m/n/9 #Get any columns of the results table: obj@res. eg Statistic (
choose among colnames(obj@res) ):[] 
(/usr/share/texlive/texmf-dist/tex/latex/base/utf8.def)
Overfull \hbox (8.78088pt too wide) in paragraph at lines 485--485
 []          \T1/zi4/m/n/10 Su = NULL, equal.se = FALSE, se = NA, replaceNA.coe
ffWithin = "coeffMeans",[] 

Overfull \hbox (21.78088pt too wide) in paragraph at lines 493--493
 []\T1/zi4/m/n/10 obs2coeffWithin(modelWithin, units, X = NULL, Z = NULL, data 
= NULL, equal.se = FALSE,[] 

Overfull \hbox (0.78088pt too wide) in paragraph at lines 494--494
 []          \T1/zi4/m/n/10 se = NA, replaceNA.coeffWithin = NA, replaceNA.coef
fWithin.se = Inf, ...)[] 
[10]
Overfull \hbox (11.29906pt too wide) in paragraph at lines 514--515
[]\T1/ptm/m/n/10 NOTE: When called from \T1/zi4/m/n/10 flipMixWithin\T1/ptm/m/n
/10 , \T1/zi4/m/n/10 W \T1/ptm/m/n/10 is used only if \T1/zi4/m/n/10 statTest="
TBTWest"\T1/ptm/m/n/10 . 

Overfull \hbox (5.51837pt too wide) in paragraph at lines 540--542
[]\T1/ptm/m/n/10 See also the func-tion [][]\T1/zi4/m/n/10 flip[][][]\T1/ptm/m/
n/10 . Note that this op-tion used only with func-tion \T1/zi4/m/n/10 flipMix\T
1/ptm/m/n/10 . 
[11]
Overfull \hbox (0.78098pt too wide) in paragraph at lines 597--597
 []               \T1/zi4/m/n/9 Y2=rnorm(n=N*4,mean=toyData$subj+toyData$ZBetwe
en+toyData$Within*2),toyData)[] 

Overfull \hbox (4.38092pt too wide) in paragraph at lines 603--603
 []      \T1/zi4/m/n/9 X=~XBetween,Z=~ZBetween,units=~subj,perms=1000,testType=
"permutation",statTest="t"))[] 
[12] (/usr/share/texlive/texmf-dist/tex/latex/base/utf8.def) [13]
Overfull \hbox (2.85948pt too wide) in paragraph at lines 666--668
[]\T1/ptm/m/n/10 A method among [][]\T1/zi4/m/n/10 flip.npc.methods[][][] \T1/p
tm/m/n/10 or [][]\T1/zi4/m/n/10 p.adjust.methods[][][]\T1/ptm/m/n/10 . By de-fa
ult \T1/zi4/m/n/10 "maxT"

Overfull \hbox (34.13953pt too wide) in paragraph at lines 677--682
\T1/ptm/m/n/10 be a vec-tor of col-umn names or in-dices of a [][]\T1/zi4/m/n/1
0 flip.object-class[][][] \T1/ptm/m/n/10 (\T1/zi4/m/n/10 names(flipObject)\T1/p
tm/m/n/10 ),

Overfull \hbox (18.21898pt too wide) in paragraph at lines 687--689
\T1/ptm/m/n/10 tive for the \T1/zi4/m/n/10 permTP \T1/ptm/m/n/10 (see also [][]
\T1/zi4/m/n/10 flip[][][]\T1/ptm/m/n/10 ). The ar-gu-ments \T1/zi4/m/n/10 statT
est\T1/ptm/m/n/10 , \T1/zi4/m/n/10 fastSumCombination

Overfull \hbox (96.78008pt too wide) in paragraph at lines 687--689
\T1/ptm/m/n/10 and \T1/zi4/m/n/10 linComb \T1/ptm/m/n/10 are used in ob-jects \
T1/zi4/m/n/10 flipMix \T1/ptm/m/n/10 and \T1/zi4/m/n/10 comb.funct= "data.sum",
"data.linComb","data.pc"
[14]
Overfull \hbox (10.02907pt too wide) in paragraph at lines 725--726
[]\T1/ptm/m/n/10 The func-tion re-turns an ob-ject of class [][]\T1/zi4/m/n/10 
flip.object-class[][][] \T1/ptm/m/n/10 (and the use of \T1/zi4/m/n/10 getFlip(o
bj,"Adjust")\T1/ptm/m/n/10 . 
[15] (/usr/share/texlive/texmf-dist/tex/latex/base/utf8.def)
Overfull \hbox (5.94893pt too wide) in paragraph at lines 780--781
[]\T1/zi4/m/n/10 make.permSpace \T1/ptm/m/n/10 com-putes the \T1/zi4/m/n/10 per
ms \T1/ptm/m/n/10 x n ma-trix of ids used for test of de-pen-dence. \T1/zi4/m/n
/10 make.signSpace

Overfull \hbox (6.28761pt too wide) in paragraph at lines 784--785
[]\T1/zi4/m/n/10 romFast \T1/ptm/m/n/10 com-putes a Ran-dom Or-thog-o-nal Ma-tr
ix of size \T1/zi4/m/n/10 n\T1/ptm/m/n/10 X\T1/zi4/m/n/10 n \T1/ptm/m/n/10 us-i
ng the \T1/zi4/m/n/10 qr.Q \T1/ptm/m/n/10 de-com-po-si-tion. \T1/zi4/m/n/10 rom
Fast

Overfull \hbox (4.24846pt too wide) in paragraph at lines 786--787
[]\T1/zi4/m/n/10 allpermutations \T1/ptm/m/n/10 com-putes all per-mu-ta-tions o
f a vec-tor \T1/zi4/m/n/10 Y\T1/ptm/m/n/10 . Is is based on the func-tion \T1/z
i4/m/n/10 permutations

Overfull \hbox (68.78088pt too wide) in paragraph at lines 793--793
 []\T1/zi4/m/n/10 make.permSpace(IDs,perms,return.permIDs=FALSE,testType="permu
tation",Strata=NULL, X=NULL,...)[] 
[16] (/usr/share/texlive/texmf-dist/tex/latex/base/utf8.def) [17] (./Rd2.ind
[18]

LaTeX Font Warning: Font shape `T1/zi4/m/it' undefined
(Font)              using `T1/zi4/m/n' instead on input line 14.

[19] [20]) (./Rd2.aux)

LaTeX Font Warning: Some font shapes were not available, defaults substituted.

 )
(see the transcript file for additional information)pdfTeX warning (dest): name
{Rfn.cherry:closed} has been referenced but does not exist, replaced by a fixed
 one

pdfTeX warning (dest): name{Rfn.p.adjust.methods} has been referenced but does 
not exist, replaced by a fixed one

pdfTeX warning (dest): name{Rfn.formula} has been referenced but does not exist
, replaced by a fixed one

{/usr/share/texlive/texmf-dist/fonts/enc/dvips/inconsolata/i4-ts1.enc}{/usr/sha
re/texlive/texmf-dist/fonts/enc/dvips/base/8r.enc}{/usr/share/texlive/texmf-dis
t/fonts/enc/dvips/inconsolata/i4-t1-0.enc}</usr/share/texlive/texmf-dist/fonts/
type1/public/inconsolata/Inconsolata-zi4r.pfb></usr/share/texlive/texmf-dist/fo
nts/type1/public/amsfonts/cm/cmsy10.pfb></usr/share/texlive/texmf-dist/fonts/ty
pe1/urw/helvetic/uhvr8a.pfb></usr/share/texlive/texmf-dist/fonts/type1/urw/time
s/utmb8a.pfb></usr/share/texlive/texmf-dist/fonts/type1/urw/times/utmr8a.pfb></
usr/share/texlive/texmf-dist/fonts/type1/urw/times/utmr8a.pfb></usr/share/texli
ve/texmf-dist/fonts/type1/urw/times/utmri8a.pfb>
Output written on Rd2.pdf (20 pages, 133775 bytes).
Transcript written on Rd2.log.
Saving output to 'flip-manual.pdf' ...
Done
You may want to clean up by 'rm -rf /tmp/Rtmp8nlRZs/Rd2pdf229f4d5fa754'
