Hmm ... looks like a package

This is pdfTeX, Version 3.1415926-2.5-1.40.14 (TeX Live 2013/Debian)
 restricted \write18 enabled.
entering extended mode
LaTeX2e <2011/06/27>
Babel <3.9h> and hyphenation patterns for 78 languages loaded.
(./Rd2.tex
(/usr/share/texlive/texmf-dist/tex/latex/base/book.cls
Document Class: book 2007/10/19 v1.4h Standard LaTeX document class
(/usr/share/texlive/texmf-dist/tex/latex/base/bk10.clo))
(/usr/share/R/share/texmf/tex/latex/Rd.sty
(/usr/share/texlive/texmf-dist/tex/latex/base/ifthen.sty)
(/usr/share/texlive/texmf-dist/tex/latex/tools/longtable.sty)
(/usr/share/texlive/texmf-dist/tex/latex/tools/bm.sty)
(/usr/share/texlive/texmf-dist/tex/latex/base/alltt.sty)
(/usr/share/texlive/texmf-dist/tex/latex/tools/verbatim.sty)
(/usr/share/texlive/texmf-dist/tex/latex/url/url.sty)
(/usr/share/texlive/texmf-dist/tex/latex/base/textcomp.sty
(/usr/share/texlive/texmf-dist/tex/latex/base/ts1enc.def))
(/usr/share/texlive/texmf-dist/tex/latex/base/fontenc.sty
(/usr/share/texlive/texmf-dist/tex/latex/base/t1enc.def))
(/usr/share/texlive/texmf-dist/tex/latex/psnfss/times.sty)
(/usr/share/texlive/texmf-dist/tex/latex/inconsolata/zi4.sty
(/usr/share/texlive/texmf-dist/tex/latex/graphics/keyval.sty))
(/usr/share/texlive/texmf-dist/tex/latex/graphics/color.sty
(/usr/share/texlive/texmf-dist/tex/latex/latexconfig/color.cfg)
(/usr/share/texlive/texmf-dist/tex/latex/pdftex-def/pdftex.def
(/usr/share/texlive/texmf-dist/tex/generic/oberdiek/infwarerr.sty)
(/usr/share/texlive/texmf-dist/tex/generic/oberdiek/ltxcmds.sty)))
(/usr/share/texlive/texmf-dist/tex/latex/hyperref/hyperref.sty
(/usr/share/texlive/texmf-dist/tex/generic/oberdiek/hobsub-hyperref.sty
(/usr/share/texlive/texmf-dist/tex/generic/oberdiek/hobsub-generic.sty))
(/usr/share/texlive/texmf-dist/tex/generic/ifxetex/ifxetex.sty)
(/usr/share/texlive/texmf-dist/tex/latex/oberdiek/auxhook.sty)
(/usr/share/texlive/texmf-dist/tex/latex/oberdiek/kvoptions.sty)
(/usr/share/texlive/texmf-dist/tex/latex/hyperref/pd1enc.def)
(/usr/share/texlive/texmf-dist/tex/latex/latexconfig/hyperref.cfg))

Package hyperref Message: Driver (autodetected): hpdftex.

(/usr/share/texlive/texmf-dist/tex/latex/hyperref/hpdftex.def
(/usr/share/texlive/texmf-dist/tex/latex/oberdiek/rerunfilecheck.sty))

Package hyperref Warning: Option `hyperindex' has already been used,
(hyperref)                setting the option has no effect on input line 366.


Package hyperref Warning: Option `pagebackref' has already been used,
(hyperref)                setting the option has no effect on input line 366.

) (/usr/share/texlive/texmf-dist/tex/latex/base/makeidx.sty)
(/usr/share/texlive/texmf-dist/tex/latex/base/inputenc.sty
(/usr/share/texlive/texmf-dist/tex/latex/base/utf8.def
(/usr/share/texlive/texmf-dist/tex/latex/base/t1enc.dfu)
(/usr/share/texlive/texmf-dist/tex/latex/base/ot1enc.dfu)
(/usr/share/texlive/texmf-dist/tex/latex/base/omsenc.dfu)
(/usr/share/texlive/texmf-dist/tex/latex/base/ts1enc.dfu))
(/usr/share/texlive/texmf-dist/tex/latex/base/latin1.def))
Writing index file Rd2.idx
No file Rd2.aux.
(/usr/share/texlive/texmf-dist/tex/latex/base/ts1cmr.fd)
(/usr/share/texlive/texmf-dist/tex/latex/psnfss/t1ptm.fd)
(/usr/share/texlive/texmf-dist/tex/context/base/supp-pdf.mkii
[Loading MPS to PDF converter (version 2006.09.02).]
) (/usr/share/texlive/texmf-dist/tex/latex/hyperref/nameref.sty
(/usr/share/texlive/texmf-dist/tex/generic/oberdiek/gettitlestring.sty))
(/usr/share/texlive/texmf-dist/tex/latex/inconsolata/t1zi4.fd)
(/usr/share/texlive/texmf-dist/tex/latex/psnfss/t1phv.fd)
(/usr/share/texlive/texmf-dist/tex/latex/base/utf8.def)
Underfull \vbox (badness 10000) has occurred while \output is active [1{/var/li
b/texmf/fonts/map/pdftex/updmap/pdftex.map}]
(/usr/share/texlive/texmf-dist/tex/latex/inconsolata/ts1zi4.fd)
Overfull \hbox (158.28091pt too wide) in paragraph at lines 63--63
 []\T1/zi4/m/n/9 normalizzaTesti(c(\TS1/zi4/m/n/9 '\T1/zi4/m/n/9 ciao bella!\TS
1/zi4/m/n/9 '\T1/zi4/m/n/9 ,\TS1/zi4/m/n/9 '\T1/zi4/m/n/9 www.associazionerospo
.org\TS1/zi4/m/n/9 '\T1/zi4/m/n/9 ,\TS1/zi4/m/n/9 '\T1/zi4/m/n/9 noooo, che gra
ndeeeeee!!!!!\TS1/zi4/m/n/9 '\T1/zi4/m/n/9 ,\TS1/zi4/m/n/9 '\T1/zi4/m/n/9 mitti
cooo\TS1/zi4/m/n/9 '\T1/zi4/m/n/9 , \TS1/zi4/m/n/9 '\T1/zi4/m/n/9 mai possibile
?!?!\TS1/zi4/m/n/9 '\T1/zi4/m/n/9 ))[] 

Overfull \hbox (217.68097pt too wide) in paragraph at lines 70--70
 []\T1/zi4/m/n/9 ## Not run: urls=urlExtract("Influenza Vaccination | ONS - Onc
ology Nursing Society http://t.co/924sRKGBU9 See All http://t.co/dbtPJRMl00")[]
 
(/usr/share/texlive/texmf-dist/tex/latex/base/utf8.def)
Overfull \hbox (45.78088pt too wide) in paragraph at lines 90--90
 []\T1/zi4/m/n/10 classificaUtenti(names, vocabolario = NULL, ifManyUseFirst = 
TRUE, NAasExtraLevel = FALSE)[] 

Overfull \hbox (42.82822pt too wide) in paragraph at lines 97--98
[]\T1/zi4/m/n/10 data.frame \T1/ptm/m/n/10 di una colonna con la clas-si-fi-caz
ione da as-so-ciare. I \T1/zi4/m/n/10 rownames(vocabolario)
[2] (/usr/share/texlive/texmf-dist/tex/latex/base/utf8.def) [3]
Overfull \hbox (271.68097pt too wide) in paragraph at lines 168--168
 [] \T1/zi4/m/n/9 testo=c("Influenza Vaccination | ONS - Oncology Nursing Socie
ty http://t.co/924sRKGBU9 See All http://t.co/dbtPJRMl00,See All http://t.co/db
tPJRMl00")[] 
(/usr/share/texlive/texmf-dist/tex/latex/base/utf8.def)
Overfull \hbox (5.78088pt too wide) in paragraph at lines 210--210
 []\T1/zi4/m/n/10 normalizzapunteggiatura(testo, removeUnderscore = TRUE, perl 
= TRUE, fixed = TRUE)[] 
[4]
Overfull \hbox (179.04903pt too wide) in paragraph at lines 234--235
[]\T1/ptm/m/n/10 stringhe da con-tare nei doc-u-menti. De-fault:  \T1/zi4/m/n/1
0 c("\\?","\\!","#","@", "(|euro)","(\$|dollar)","SUPPRESSEDTEXT") 
[5]
Overfull \hbox (214.98093pt too wide) in paragraph at lines 261--261
 []\T1/zi4/m/n/9 testoNorm <- normalizzaTesti(c(\TS1/zi4/m/n/9 '\T1/zi4/m/n/9 c
iao bella!\TS1/zi4/m/n/9 '\T1/zi4/m/n/9 ,\TS1/zi4/m/n/9 '\T1/zi4/m/n/9 www.asso
ciazionerospo.org\TS1/zi4/m/n/9 '\T1/zi4/m/n/9 ,\TS1/zi4/m/n/9 '\T1/zi4/m/n/9 n
oooo, che grandeeeeee!!!!!\TS1/zi4/m/n/9 '\T1/zi4/m/n/9 ,\TS1/zi4/m/n/9 '\T1/zi
4/m/n/9 mitticooo\TS1/zi4/m/n/9 '\T1/zi4/m/n/9 , \TS1/zi4/m/n/9 '\T1/zi4/m/n/9 
mai possibile?!?!\TS1/zi4/m/n/9 '\T1/zi4/m/n/9 ))[] 
(/usr/share/texlive/texmf-dist/tex/latex/base/utf8.def) [6]
Overfull \hbox (222.181pt too wide) in paragraph at lines 317--317
 [] \T1/zi4/m/n/9 "RT @LAVonlus: Tre miti da sfatare sulla #vivisezione. Le ris
poste  ai luoghi comuni della sperimentazione animale  http://t.co/zHSfam16DT",
[] 

Overfull \hbox (160.98099pt too wide) in paragraph at lines 318--318
 [] \T1/zi4/m/n/9 "Tre miti da sfatare sulla #vivisezione. Le risposte  ai luog
hi comuni della sperimentazione animale  http://t.co/zHSfam16DT",[] 

Overfull \hbox (222.181pt too wide) in paragraph at lines 319--319
 [] \T1/zi4/m/n/9 "RT @LAVonlus: Tre miti da sfatare sulla #vivisezione. Le ris
poste  ai luoghi comuni della sperimentazione animale  http://t.co/zHSfam16DT",
[] 

Overfull \hbox (235.681pt too wide) in paragraph at lines 320--320
 [] \T1/zi4/m/n/9 "RT @orianoPER: La #sperimentazioneanimale è inutile perché n
on predittiva per la specie umana. MEDICI ANTI #VIVISEZIONE- LIMAV http://t.co/
" ,[] 

Overfull \hbox (211.38098pt too wide) in paragraph at lines 321--321
 [] \T1/zi4/m/n/9 "La #sperimentazioneanimale è inutile perché non predittiva p
er la specie umana. MEDICI ANTI #VIVISEZIONE- LIMAV http://t.co/3MwubXIH8g",[] 


Overfull \hbox (235.681pt too wide) in paragraph at lines 322--322
 [] \T1/zi4/m/n/9 "RT @orianoPER: La #ricerca in #Medicina con #sperimentazione
animale non e\TS1/zi4/m/n/9 ' \T1/zi4/m/n/9 predittiva per la specie umana. MED
ICI ANTI #VIVISEZIONE http://t",[] 

Overfull \hbox (185.28098pt too wide) in paragraph at lines 323--323
 [] \T1/zi4/m/n/9 "RT @HuffPostItalia: Il Governo italiano non fermi la sperime
ntazione animale. Intervista a Elena Cattaneo http://t.co/q1dm430a9j",[] 

Overfull \hbox (203.28098pt too wide) in paragraph at lines 324--324
 [] \T1/zi4/m/n/9 "RT @HuffPostItalia: \"Il Governo italiano non fermi la speri
mentazione animale\". Intervista a Elena Cattaneo http://t.co/q1dm430a9j",[] 

Overfull \hbox (115.08096pt too wide) in paragraph at lines 325--325
 [] \T1/zi4/m/n/9 "\"Il Governo italiano non fermi la sperimentazione animale\"
. Intervista a Elena Cattaneo http://t.co/q1dm430a9j",[] 

Overfull \hbox (241.08096pt too wide) in paragraph at lines 326--326
 [] \T1/zi4/m/n/9 "RT @orianoPER: @EnricoLetta LA #VIVISEZIONE NON SERVE: PAROL
A DI GLAXO-APTUIT http://t.co/mtsHJjDIvu #StopVivisection #SperimentazioneAnima
&")[] 
(/usr/share/texlive/texmf-dist/tex/latex/base/utf8.def) [7]
(/usr/share/texlive/texmf-dist/tex/latex/base/utf8.def)
Overfull \hbox (32.78088pt too wide) in paragraph at lines 394--394
 []\T1/zi4/m/n/10 selezionaIntervalloTimeStamp(db, timeRange = range(db$created
) , campoData = "created")[] 
[8]
Overfull \hbox (78.18094pt too wide) in paragraph at lines 421--421
 [] \T1/zi4/m/n/9 ## Not run: TW=selezionaIntervallo(TW,as.POSIXct(c("2013-12-2
7 17:54:42 CET", "2013-12-27 22:33:38 CET")))[] 
No file Rd2.ind.
[9] (./Rd2.aux)

Package rerunfilecheck Warning: File `Rd2.out' has changed.
(rerunfilecheck)                Rerun to get outlines right
(rerunfilecheck)                or use package `bookmark'.

 )
(see the transcript file for additional information)pdfTeX warning (dest): name
{Rfn.base:gsub} has been referenced but does not exist, replaced by a fixed one


{/usr/share/texlive/texmf-dist/fonts/enc/dvips/inconsolata/i4-ts1.enc}{/usr/sha
re/texlive/texmf-dist/fonts/enc/dvips/base/8r.enc}{/usr/share/texlive/texmf-dis
t/fonts/enc/dvips/inconsolata/i4-t1-0.enc}</usr/share/texlive/texmf-dist/fonts/
type1/public/inconsolata/Inconsolata-zi4r.pfb></usr/share/texlive/texmf-dist/fo
nts/type1/urw/helvetic/uhvr8a.pfb></usr/share/texlive/texmf-dist/fonts/type1/ur
w/times/utmb8a.pfb></usr/share/texlive/texmf-dist/fonts/type1/urw/times/utmr8a.
pfb></usr/share/texlive/texmf-dist/fonts/type1/urw/times/utmr8a.pfb></usr/share
/texlive/texmf-dist/fonts/type1/urw/times/utmri8a.pfb>
Output written on Rd2.pdf (9 pages, 88548 bytes).
Transcript written on Rd2.log.
This is makeindex, version 2.15 [TeX Live 2013] (kpathsea + Thai support).
Scanning input file Rd2.idx....done (41 entries accepted, 0 rejected).
Sorting entries....done (222 comparisons).
Generating output file Rd2.ind....done (102 lines written, 0 warnings).
Output written in Rd2.ind.
Transcript written in Rd2.ilg.
This is pdfTeX, Version 3.1415926-2.5-1.40.14 (TeX Live 2013/Debian)
 restricted \write18 enabled.
entering extended mode
LaTeX2e <2011/06/27>
Babel <3.9h> and hyphenation patterns for 78 languages loaded.
(./Rd2.tex
(/usr/share/texlive/texmf-dist/tex/latex/base/book.cls
Document Class: book 2007/10/19 v1.4h Standard LaTeX document class
(/usr/share/texlive/texmf-dist/tex/latex/base/bk10.clo))
(/usr/share/R/share/texmf/tex/latex/Rd.sty
(/usr/share/texlive/texmf-dist/tex/latex/base/ifthen.sty)
(/usr/share/texlive/texmf-dist/tex/latex/tools/longtable.sty)
(/usr/share/texlive/texmf-dist/tex/latex/tools/bm.sty)
(/usr/share/texlive/texmf-dist/tex/latex/base/alltt.sty)
(/usr/share/texlive/texmf-dist/tex/latex/tools/verbatim.sty)
(/usr/share/texlive/texmf-dist/tex/latex/url/url.sty)
(/usr/share/texlive/texmf-dist/tex/latex/base/textcomp.sty
(/usr/share/texlive/texmf-dist/tex/latex/base/ts1enc.def))
(/usr/share/texlive/texmf-dist/tex/latex/base/fontenc.sty
(/usr/share/texlive/texmf-dist/tex/latex/base/t1enc.def))
(/usr/share/texlive/texmf-dist/tex/latex/psnfss/times.sty)
(/usr/share/texlive/texmf-dist/tex/latex/inconsolata/zi4.sty
(/usr/share/texlive/texmf-dist/tex/latex/graphics/keyval.sty))
(/usr/share/texlive/texmf-dist/tex/latex/graphics/color.sty
(/usr/share/texlive/texmf-dist/tex/latex/latexconfig/color.cfg)
(/usr/share/texlive/texmf-dist/tex/latex/pdftex-def/pdftex.def
(/usr/share/texlive/texmf-dist/tex/generic/oberdiek/infwarerr.sty)
(/usr/share/texlive/texmf-dist/tex/generic/oberdiek/ltxcmds.sty)))
(/usr/share/texlive/texmf-dist/tex/latex/hyperref/hyperref.sty
(/usr/share/texlive/texmf-dist/tex/generic/oberdiek/hobsub-hyperref.sty
(/usr/share/texlive/texmf-dist/tex/generic/oberdiek/hobsub-generic.sty))
(/usr/share/texlive/texmf-dist/tex/generic/ifxetex/ifxetex.sty)
(/usr/share/texlive/texmf-dist/tex/latex/oberdiek/auxhook.sty)
(/usr/share/texlive/texmf-dist/tex/latex/oberdiek/kvoptions.sty)
(/usr/share/texlive/texmf-dist/tex/latex/hyperref/pd1enc.def)
(/usr/share/texlive/texmf-dist/tex/latex/latexconfig/hyperref.cfg))

Package hyperref Message: Driver (autodetected): hpdftex.

(/usr/share/texlive/texmf-dist/tex/latex/hyperref/hpdftex.def
(/usr/share/texlive/texmf-dist/tex/latex/oberdiek/rerunfilecheck.sty))

Package hyperref Warning: Option `hyperindex' has already been used,
(hyperref)                setting the option has no effect on input line 366.


Package hyperref Warning: Option `pagebackref' has already been used,
(hyperref)                setting the option has no effect on input line 366.

) (/usr/share/texlive/texmf-dist/tex/latex/base/makeidx.sty)
(/usr/share/texlive/texmf-dist/tex/latex/base/inputenc.sty
(/usr/share/texlive/texmf-dist/tex/latex/base/utf8.def
(/usr/share/texlive/texmf-dist/tex/latex/base/t1enc.dfu)
(/usr/share/texlive/texmf-dist/tex/latex/base/ot1enc.dfu)
(/usr/share/texlive/texmf-dist/tex/latex/base/omsenc.dfu)
(/usr/share/texlive/texmf-dist/tex/latex/base/ts1enc.dfu))
(/usr/share/texlive/texmf-dist/tex/latex/base/latin1.def))
Writing index file Rd2.idx
(./Rd2.aux) (/usr/share/texlive/texmf-dist/tex/latex/base/ts1cmr.fd)
(/usr/share/texlive/texmf-dist/tex/latex/psnfss/t1ptm.fd)
(/usr/share/texlive/texmf-dist/tex/context/base/supp-pdf.mkii
[Loading MPS to PDF converter (version 2006.09.02).]
) (/usr/share/texlive/texmf-dist/tex/latex/hyperref/nameref.sty
(/usr/share/texlive/texmf-dist/tex/generic/oberdiek/gettitlestring.sty))
(./Rd2.out) (./Rd2.out)
(/usr/share/texlive/texmf-dist/tex/latex/inconsolata/t1zi4.fd)
(/usr/share/texlive/texmf-dist/tex/latex/psnfss/t1phv.fd) (./Rd2.toc)
(/usr/share/texlive/texmf-dist/tex/latex/base/utf8.def) [1{/var/lib/texmf/fonts
/map/pdftex/updmap/pdftex.map}]
(/usr/share/texlive/texmf-dist/tex/latex/inconsolata/ts1zi4.fd)
Overfull \hbox (158.28091pt too wide) in paragraph at lines 63--63
 []\T1/zi4/m/n/9 normalizzaTesti(c(\TS1/zi4/m/n/9 '\T1/zi4/m/n/9 ciao bella!\TS
1/zi4/m/n/9 '\T1/zi4/m/n/9 ,\TS1/zi4/m/n/9 '\T1/zi4/m/n/9 www.associazionerospo
.org\TS1/zi4/m/n/9 '\T1/zi4/m/n/9 ,\TS1/zi4/m/n/9 '\T1/zi4/m/n/9 noooo, che gra
ndeeeeee!!!!!\TS1/zi4/m/n/9 '\T1/zi4/m/n/9 ,\TS1/zi4/m/n/9 '\T1/zi4/m/n/9 mitti
cooo\TS1/zi4/m/n/9 '\T1/zi4/m/n/9 , \TS1/zi4/m/n/9 '\T1/zi4/m/n/9 mai possibile
?!?!\TS1/zi4/m/n/9 '\T1/zi4/m/n/9 ))[] 

Overfull \hbox (217.68097pt too wide) in paragraph at lines 70--70
 []\T1/zi4/m/n/9 ## Not run: urls=urlExtract("Influenza Vaccination | ONS - Onc
ology Nursing Society http://t.co/924sRKGBU9 See All http://t.co/dbtPJRMl00")[]
 
(/usr/share/texlive/texmf-dist/tex/latex/base/utf8.def)
Overfull \hbox (45.78088pt too wide) in paragraph at lines 90--90
 []\T1/zi4/m/n/10 classificaUtenti(names, vocabolario = NULL, ifManyUseFirst = 
TRUE, NAasExtraLevel = FALSE)[] 
[2]
Overfull \hbox (42.82822pt too wide) in paragraph at lines 97--98
[]\T1/zi4/m/n/10 data.frame \T1/ptm/m/n/10 di una colonna con la clas-si-fi-caz
ione da as-so-ciare. I \T1/zi4/m/n/10 rownames(vocabolario)
(/usr/share/texlive/texmf-dist/tex/latex/base/utf8.def) [3]
Overfull \hbox (271.68097pt too wide) in paragraph at lines 168--168
 [] \T1/zi4/m/n/9 testo=c("Influenza Vaccination | ONS - Oncology Nursing Socie
ty http://t.co/924sRKGBU9 See All http://t.co/dbtPJRMl00,See All http://t.co/db
tPJRMl00")[] 
(/usr/share/texlive/texmf-dist/tex/latex/base/utf8.def)
Overfull \hbox (5.78088pt too wide) in paragraph at lines 210--210
 []\T1/zi4/m/n/10 normalizzapunteggiatura(testo, removeUnderscore = TRUE, perl 
= TRUE, fixed = TRUE)[] 
[4]
Overfull \hbox (179.04903pt too wide) in paragraph at lines 234--235
[]\T1/ptm/m/n/10 stringhe da con-tare nei doc-u-menti. De-fault:  \T1/zi4/m/n/1
0 c("\\?","\\!","#","@", "(|euro)","(\$|dollar)","SUPPRESSEDTEXT") 
[5]
Overfull \hbox (214.98093pt too wide) in paragraph at lines 261--261
 []\T1/zi4/m/n/9 testoNorm <- normalizzaTesti(c(\TS1/zi4/m/n/9 '\T1/zi4/m/n/9 c
iao bella!\TS1/zi4/m/n/9 '\T1/zi4/m/n/9 ,\TS1/zi4/m/n/9 '\T1/zi4/m/n/9 www.asso
ciazionerospo.org\TS1/zi4/m/n/9 '\T1/zi4/m/n/9 ,\TS1/zi4/m/n/9 '\T1/zi4/m/n/9 n
oooo, che grandeeeeee!!!!!\TS1/zi4/m/n/9 '\T1/zi4/m/n/9 ,\TS1/zi4/m/n/9 '\T1/zi
4/m/n/9 mitticooo\TS1/zi4/m/n/9 '\T1/zi4/m/n/9 , \TS1/zi4/m/n/9 '\T1/zi4/m/n/9 
mai possibile?!?!\TS1/zi4/m/n/9 '\T1/zi4/m/n/9 ))[] 
(/usr/share/texlive/texmf-dist/tex/latex/base/utf8.def) [6]
Overfull \hbox (222.181pt too wide) in paragraph at lines 317--317
 [] \T1/zi4/m/n/9 "RT @LAVonlus: Tre miti da sfatare sulla #vivisezione. Le ris
poste  ai luoghi comuni della sperimentazione animale  http://t.co/zHSfam16DT",
[] 

Overfull \hbox (160.98099pt too wide) in paragraph at lines 318--318
 [] \T1/zi4/m/n/9 "Tre miti da sfatare sulla #vivisezione. Le risposte  ai luog
hi comuni della sperimentazione animale  http://t.co/zHSfam16DT",[] 

Overfull \hbox (222.181pt too wide) in paragraph at lines 319--319
 [] \T1/zi4/m/n/9 "RT @LAVonlus: Tre miti da sfatare sulla #vivisezione. Le ris
poste  ai luoghi comuni della sperimentazione animale  http://t.co/zHSfam16DT",
[] 

Overfull \hbox (235.681pt too wide) in paragraph at lines 320--320
 [] \T1/zi4/m/n/9 "RT @orianoPER: La #sperimentazioneanimale è inutile perché n
on predittiva per la specie umana. MEDICI ANTI #VIVISEZIONE- LIMAV http://t.co/
" ,[] 

Overfull \hbox (211.38098pt too wide) in paragraph at lines 321--321
 [] \T1/zi4/m/n/9 "La #sperimentazioneanimale è inutile perché non predittiva p
er la specie umana. MEDICI ANTI #VIVISEZIONE- LIMAV http://t.co/3MwubXIH8g",[] 


Overfull \hbox (235.681pt too wide) in paragraph at lines 322--322
 [] \T1/zi4/m/n/9 "RT @orianoPER: La #ricerca in #Medicina con #sperimentazione
animale non e\TS1/zi4/m/n/9 ' \T1/zi4/m/n/9 predittiva per la specie umana. MED
ICI ANTI #VIVISEZIONE http://t",[] 

Overfull \hbox (185.28098pt too wide) in paragraph at lines 323--323
 [] \T1/zi4/m/n/9 "RT @HuffPostItalia: Il Governo italiano non fermi la sperime
ntazione animale. Intervista a Elena Cattaneo http://t.co/q1dm430a9j",[] 

Overfull \hbox (203.28098pt too wide) in paragraph at lines 324--324
 [] \T1/zi4/m/n/9 "RT @HuffPostItalia: \"Il Governo italiano non fermi la speri
mentazione animale\". Intervista a Elena Cattaneo http://t.co/q1dm430a9j",[] 

Overfull \hbox (115.08096pt too wide) in paragraph at lines 325--325
 [] \T1/zi4/m/n/9 "\"Il Governo italiano non fermi la sperimentazione animale\"
. Intervista a Elena Cattaneo http://t.co/q1dm430a9j",[] 

Overfull \hbox (241.08096pt too wide) in paragraph at lines 326--326
 [] \T1/zi4/m/n/9 "RT @orianoPER: @EnricoLetta LA #VIVISEZIONE NON SERVE: PAROL
A DI GLAXO-APTUIT http://t.co/mtsHJjDIvu #StopVivisection #SperimentazioneAnima
&")[] 
(/usr/share/texlive/texmf-dist/tex/latex/base/utf8.def) [7]
(/usr/share/texlive/texmf-dist/tex/latex/base/utf8.def)
Overfull \hbox (32.78088pt too wide) in paragraph at lines 394--394
 []\T1/zi4/m/n/10 selezionaIntervalloTimeStamp(db, timeRange = range(db$created
) , campoData = "created")[] 
[8]
Overfull \hbox (78.18094pt too wide) in paragraph at lines 421--421
 [] \T1/zi4/m/n/9 ## Not run: TW=selezionaIntervallo(TW,as.POSIXct(c("2013-12-2
7 17:54:42 CET", "2013-12-27 22:33:38 CET")))[] 
(./Rd2.ind [9]

LaTeX Font Warning: Font shape `T1/zi4/m/it' undefined
(Font)              using `T1/zi4/m/n' instead on input line 34.

[10]) (./Rd2.aux)

Package rerunfilecheck Warning: File `Rd2.out' has changed.
(rerunfilecheck)                Rerun to get outlines right
(rerunfilecheck)                or use package `bookmark'.


LaTeX Font Warning: Some font shapes were not available, defaults substituted.

 )
(see the transcript file for additional information)pdfTeX warning (dest): name
{Rfn.base:gsub} has been referenced but does not exist, replaced by a fixed one


{/usr/share/texlive/texmf-dist/fonts/enc/dvips/inconsolata/i4-ts1.enc}{/usr/sha
re/texlive/texmf-dist/fonts/enc/dvips/base/8r.enc}{/usr/share/texlive/texmf-dis
t/fonts/enc/dvips/inconsolata/i4-t1-0.enc}</usr/share/texlive/texmf-dist/fonts/
type1/public/inconsolata/Inconsolata-zi4r.pfb></usr/share/texlive/texmf-dist/fo
nts/type1/public/amsfonts/cm/cmsy10.pfb></usr/share/texlive/texmf-dist/fonts/ty
pe1/urw/helvetic/uhvr8a.pfb></usr/share/texlive/texmf-dist/fonts/type1/urw/time
s/utmb8a.pfb></usr/share/texlive/texmf-dist/fonts/type1/urw/times/utmr8a.pfb></
usr/share/texlive/texmf-dist/fonts/type1/urw/times/utmr8a.pfb></usr/share/texli
ve/texmf-dist/fonts/type1/urw/times/utmri8a.pfb>
Output written on Rd2.pdf (10 pages, 100378 bytes).
Transcript written on Rd2.log.
This is makeindex, version 2.15 [TeX Live 2013] (kpathsea + Thai support).
Scanning input file Rd2.idx....done (41 entries accepted, 0 rejected).
Sorting entries....done (222 comparisons).
Generating output file Rd2.ind....done (102 lines written, 0 warnings).
Output written in Rd2.ind.
Transcript written in Rd2.ilg.
This is pdfTeX, Version 3.1415926-2.5-1.40.14 (TeX Live 2013/Debian)
 restricted \write18 enabled.
entering extended mode
LaTeX2e <2011/06/27>
Babel <3.9h> and hyphenation patterns for 78 languages loaded.
(./Rd2.tex
(/usr/share/texlive/texmf-dist/tex/latex/base/book.cls
Document Class: book 2007/10/19 v1.4h Standard LaTeX document class
(/usr/share/texlive/texmf-dist/tex/latex/base/bk10.clo))
(/usr/share/R/share/texmf/tex/latex/Rd.sty
(/usr/share/texlive/texmf-dist/tex/latex/base/ifthen.sty)
(/usr/share/texlive/texmf-dist/tex/latex/tools/longtable.sty)
(/usr/share/texlive/texmf-dist/tex/latex/tools/bm.sty)
(/usr/share/texlive/texmf-dist/tex/latex/base/alltt.sty)
(/usr/share/texlive/texmf-dist/tex/latex/tools/verbatim.sty)
(/usr/share/texlive/texmf-dist/tex/latex/url/url.sty)
(/usr/share/texlive/texmf-dist/tex/latex/base/textcomp.sty
(/usr/share/texlive/texmf-dist/tex/latex/base/ts1enc.def))
(/usr/share/texlive/texmf-dist/tex/latex/base/fontenc.sty
(/usr/share/texlive/texmf-dist/tex/latex/base/t1enc.def))
(/usr/share/texlive/texmf-dist/tex/latex/psnfss/times.sty)
(/usr/share/texlive/texmf-dist/tex/latex/inconsolata/zi4.sty
(/usr/share/texlive/texmf-dist/tex/latex/graphics/keyval.sty))
(/usr/share/texlive/texmf-dist/tex/latex/graphics/color.sty
(/usr/share/texlive/texmf-dist/tex/latex/latexconfig/color.cfg)
(/usr/share/texlive/texmf-dist/tex/latex/pdftex-def/pdftex.def
(/usr/share/texlive/texmf-dist/tex/generic/oberdiek/infwarerr.sty)
(/usr/share/texlive/texmf-dist/tex/generic/oberdiek/ltxcmds.sty)))
(/usr/share/texlive/texmf-dist/tex/latex/hyperref/hyperref.sty
(/usr/share/texlive/texmf-dist/tex/generic/oberdiek/hobsub-hyperref.sty
(/usr/share/texlive/texmf-dist/tex/generic/oberdiek/hobsub-generic.sty))
(/usr/share/texlive/texmf-dist/tex/generic/ifxetex/ifxetex.sty)
(/usr/share/texlive/texmf-dist/tex/latex/oberdiek/auxhook.sty)
(/usr/share/texlive/texmf-dist/tex/latex/oberdiek/kvoptions.sty)
(/usr/share/texlive/texmf-dist/tex/latex/hyperref/pd1enc.def)
(/usr/share/texlive/texmf-dist/tex/latex/latexconfig/hyperref.cfg))

Package hyperref Message: Driver (autodetected): hpdftex.

(/usr/share/texlive/texmf-dist/tex/latex/hyperref/hpdftex.def
(/usr/share/texlive/texmf-dist/tex/latex/oberdiek/rerunfilecheck.sty))

Package hyperref Warning: Option `hyperindex' has already been used,
(hyperref)                setting the option has no effect on input line 366.


Package hyperref Warning: Option `pagebackref' has already been used,
(hyperref)                setting the option has no effect on input line 366.

) (/usr/share/texlive/texmf-dist/tex/latex/base/makeidx.sty)
(/usr/share/texlive/texmf-dist/tex/latex/base/inputenc.sty
(/usr/share/texlive/texmf-dist/tex/latex/base/utf8.def
(/usr/share/texlive/texmf-dist/tex/latex/base/t1enc.dfu)
(/usr/share/texlive/texmf-dist/tex/latex/base/ot1enc.dfu)
(/usr/share/texlive/texmf-dist/tex/latex/base/omsenc.dfu)
(/usr/share/texlive/texmf-dist/tex/latex/base/ts1enc.dfu))
(/usr/share/texlive/texmf-dist/tex/latex/base/latin1.def))
Writing index file Rd2.idx
(./Rd2.aux) (/usr/share/texlive/texmf-dist/tex/latex/base/ts1cmr.fd)
(/usr/share/texlive/texmf-dist/tex/latex/psnfss/t1ptm.fd)
(/usr/share/texlive/texmf-dist/tex/context/base/supp-pdf.mkii
[Loading MPS to PDF converter (version 2006.09.02).]
) (/usr/share/texlive/texmf-dist/tex/latex/hyperref/nameref.sty
(/usr/share/texlive/texmf-dist/tex/generic/oberdiek/gettitlestring.sty))
(./Rd2.out) (./Rd2.out)
(/usr/share/texlive/texmf-dist/tex/latex/inconsolata/t1zi4.fd)
(/usr/share/texlive/texmf-dist/tex/latex/psnfss/t1phv.fd) (./Rd2.toc)
(/usr/share/texlive/texmf-dist/tex/latex/base/utf8.def) [1{/var/lib/texmf/fonts
/map/pdftex/updmap/pdftex.map}] [2]
(/usr/share/texlive/texmf-dist/tex/latex/inconsolata/ts1zi4.fd)
Overfull \hbox (158.28091pt too wide) in paragraph at lines 63--63
 []\T1/zi4/m/n/9 normalizzaTesti(c(\TS1/zi4/m/n/9 '\T1/zi4/m/n/9 ciao bella!\TS
1/zi4/m/n/9 '\T1/zi4/m/n/9 ,\TS1/zi4/m/n/9 '\T1/zi4/m/n/9 www.associazionerospo
.org\TS1/zi4/m/n/9 '\T1/zi4/m/n/9 ,\TS1/zi4/m/n/9 '\T1/zi4/m/n/9 noooo, che gra
ndeeeeee!!!!!\TS1/zi4/m/n/9 '\T1/zi4/m/n/9 ,\TS1/zi4/m/n/9 '\T1/zi4/m/n/9 mitti
cooo\TS1/zi4/m/n/9 '\T1/zi4/m/n/9 , \TS1/zi4/m/n/9 '\T1/zi4/m/n/9 mai possibile
?!?!\TS1/zi4/m/n/9 '\T1/zi4/m/n/9 ))[] 

Overfull \hbox (217.68097pt too wide) in paragraph at lines 70--70
 []\T1/zi4/m/n/9 ## Not run: urls=urlExtract("Influenza Vaccination | ONS - Onc
ology Nursing Society http://t.co/924sRKGBU9 See All http://t.co/dbtPJRMl00")[]
 
(/usr/share/texlive/texmf-dist/tex/latex/base/utf8.def)
Overfull \hbox (45.78088pt too wide) in paragraph at lines 90--90
 []\T1/zi4/m/n/10 classificaUtenti(names, vocabolario = NULL, ifManyUseFirst = 
TRUE, NAasExtraLevel = FALSE)[] 
[3]
Overfull \hbox (42.82822pt too wide) in paragraph at lines 97--98
[]\T1/zi4/m/n/10 data.frame \T1/ptm/m/n/10 di una colonna con la clas-si-fi-caz
ione da as-so-ciare. I \T1/zi4/m/n/10 rownames(vocabolario)
(/usr/share/texlive/texmf-dist/tex/latex/base/utf8.def) [4]
Overfull \hbox (271.68097pt too wide) in paragraph at lines 168--168
 [] \T1/zi4/m/n/9 testo=c("Influenza Vaccination | ONS - Oncology Nursing Socie
ty http://t.co/924sRKGBU9 See All http://t.co/dbtPJRMl00,See All http://t.co/db
tPJRMl00")[] 
(/usr/share/texlive/texmf-dist/tex/latex/base/utf8.def)
Overfull \hbox (5.78088pt too wide) in paragraph at lines 210--210
 []\T1/zi4/m/n/10 normalizzapunteggiatura(testo, removeUnderscore = TRUE, perl 
= TRUE, fixed = TRUE)[] 
[5]
Overfull \hbox (179.04903pt too wide) in paragraph at lines 234--235
[]\T1/ptm/m/n/10 stringhe da con-tare nei doc-u-menti. De-fault:  \T1/zi4/m/n/1
0 c("\\?","\\!","#","@", "(|euro)","(\$|dollar)","SUPPRESSEDTEXT") 
[6]
Overfull \hbox (214.98093pt too wide) in paragraph at lines 261--261
 []\T1/zi4/m/n/9 testoNorm <- normalizzaTesti(c(\TS1/zi4/m/n/9 '\T1/zi4/m/n/9 c
iao bella!\TS1/zi4/m/n/9 '\T1/zi4/m/n/9 ,\TS1/zi4/m/n/9 '\T1/zi4/m/n/9 www.asso
ciazionerospo.org\TS1/zi4/m/n/9 '\T1/zi4/m/n/9 ,\TS1/zi4/m/n/9 '\T1/zi4/m/n/9 n
oooo, che grandeeeeee!!!!!\TS1/zi4/m/n/9 '\T1/zi4/m/n/9 ,\TS1/zi4/m/n/9 '\T1/zi
4/m/n/9 mitticooo\TS1/zi4/m/n/9 '\T1/zi4/m/n/9 , \TS1/zi4/m/n/9 '\T1/zi4/m/n/9 
mai possibile?!?!\TS1/zi4/m/n/9 '\T1/zi4/m/n/9 ))[] 
(/usr/share/texlive/texmf-dist/tex/latex/base/utf8.def) [7]
Overfull \hbox (222.181pt too wide) in paragraph at lines 317--317
 [] \T1/zi4/m/n/9 "RT @LAVonlus: Tre miti da sfatare sulla #vivisezione. Le ris
poste  ai luoghi comuni della sperimentazione animale  http://t.co/zHSfam16DT",
[] 

Overfull \hbox (160.98099pt too wide) in paragraph at lines 318--318
 [] \T1/zi4/m/n/9 "Tre miti da sfatare sulla #vivisezione. Le risposte  ai luog
hi comuni della sperimentazione animale  http://t.co/zHSfam16DT",[] 

Overfull \hbox (222.181pt too wide) in paragraph at lines 319--319
 [] \T1/zi4/m/n/9 "RT @LAVonlus: Tre miti da sfatare sulla #vivisezione. Le ris
poste  ai luoghi comuni della sperimentazione animale  http://t.co/zHSfam16DT",
[] 

Overfull \hbox (235.681pt too wide) in paragraph at lines 320--320
 [] \T1/zi4/m/n/9 "RT @orianoPER: La #sperimentazioneanimale è inutile perché n
on predittiva per la specie umana. MEDICI ANTI #VIVISEZIONE- LIMAV http://t.co/
" ,[] 

Overfull \hbox (211.38098pt too wide) in paragraph at lines 321--321
 [] \T1/zi4/m/n/9 "La #sperimentazioneanimale è inutile perché non predittiva p
er la specie umana. MEDICI ANTI #VIVISEZIONE- LIMAV http://t.co/3MwubXIH8g",[] 


Overfull \hbox (235.681pt too wide) in paragraph at lines 322--322
 [] \T1/zi4/m/n/9 "RT @orianoPER: La #ricerca in #Medicina con #sperimentazione
animale non e\TS1/zi4/m/n/9 ' \T1/zi4/m/n/9 predittiva per la specie umana. MED
ICI ANTI #VIVISEZIONE http://t",[] 

Overfull \hbox (185.28098pt too wide) in paragraph at lines 323--323
 [] \T1/zi4/m/n/9 "RT @HuffPostItalia: Il Governo italiano non fermi la sperime
ntazione animale. Intervista a Elena Cattaneo http://t.co/q1dm430a9j",[] 

Overfull \hbox (203.28098pt too wide) in paragraph at lines 324--324
 [] \T1/zi4/m/n/9 "RT @HuffPostItalia: \"Il Governo italiano non fermi la speri
mentazione animale\". Intervista a Elena Cattaneo http://t.co/q1dm430a9j",[] 

Overfull \hbox (115.08096pt too wide) in paragraph at lines 325--325
 [] \T1/zi4/m/n/9 "\"Il Governo italiano non fermi la sperimentazione animale\"
. Intervista a Elena Cattaneo http://t.co/q1dm430a9j",[] 

Overfull \hbox (241.08096pt too wide) in paragraph at lines 326--326
 [] \T1/zi4/m/n/9 "RT @orianoPER: @EnricoLetta LA #VIVISEZIONE NON SERVE: PAROL
A DI GLAXO-APTUIT http://t.co/mtsHJjDIvu #StopVivisection #SperimentazioneAnima
&")[] 
(/usr/share/texlive/texmf-dist/tex/latex/base/utf8.def) [8]
(/usr/share/texlive/texmf-dist/tex/latex/base/utf8.def)
Overfull \hbox (32.78088pt too wide) in paragraph at lines 394--394
 []\T1/zi4/m/n/10 selezionaIntervalloTimeStamp(db, timeRange = range(db$created
) , campoData = "created")[] 
[9]
Overfull \hbox (78.18094pt too wide) in paragraph at lines 421--421
 [] \T1/zi4/m/n/9 ## Not run: TW=selezionaIntervallo(TW,as.POSIXct(c("2013-12-2
7 17:54:42 CET", "2013-12-27 22:33:38 CET")))[] 
(./Rd2.ind [10]

LaTeX Font Warning: Font shape `T1/zi4/m/it' undefined
(Font)              using `T1/zi4/m/n' instead on input line 34.

[11]) (./Rd2.aux)

LaTeX Font Warning: Some font shapes were not available, defaults substituted.

 )
(see the transcript file for additional information)pdfTeX warning (dest): name
{Rfn.base:gsub} has been referenced but does not exist, replaced by a fixed one


{/usr/share/texlive/texmf-dist/fonts/enc/dvips/inconsolata/i4-ts1.enc}{/usr/sha
re/texlive/texmf-dist/fonts/enc/dvips/base/8r.enc}{/usr/share/texlive/texmf-dis
t/fonts/enc/dvips/inconsolata/i4-t1-0.enc}</usr/share/texlive/texmf-dist/fonts/
type1/public/inconsolata/Inconsolata-zi4r.pfb></usr/share/texlive/texmf-dist/fo
nts/type1/public/amsfonts/cm/cmsy10.pfb></usr/share/texlive/texmf-dist/fonts/ty
pe1/urw/helvetic/uhvr8a.pfb></usr/share/texlive/texmf-dist/fonts/type1/urw/time
s/utmb8a.pfb></usr/share/texlive/texmf-dist/fonts/type1/urw/times/utmr8a.pfb></
usr/share/texlive/texmf-dist/fonts/type1/urw/times/utmr8a.pfb></usr/share/texli
ve/texmf-dist/fonts/type1/urw/times/utmri8a.pfb>
Output written on Rd2.pdf (11 pages, 101696 bytes).
Transcript written on Rd2.log.
This is makeindex, version 2.15 [TeX Live 2013] (kpathsea + Thai support).
Scanning input file Rd2.idx....done (41 entries accepted, 0 rejected).
Sorting entries....done (222 comparisons).
Generating output file Rd2.ind....done (102 lines written, 0 warnings).
Output written in Rd2.ind.
Transcript written in Rd2.ilg.
This is pdfTeX, Version 3.1415926-2.5-1.40.14 (TeX Live 2013/Debian)
 restricted \write18 enabled.
entering extended mode
LaTeX2e <2011/06/27>
Babel <3.9h> and hyphenation patterns for 78 languages loaded.
(./Rd2.tex
(/usr/share/texlive/texmf-dist/tex/latex/base/book.cls
Document Class: book 2007/10/19 v1.4h Standard LaTeX document class
(/usr/share/texlive/texmf-dist/tex/latex/base/bk10.clo))
(/usr/share/R/share/texmf/tex/latex/Rd.sty
(/usr/share/texlive/texmf-dist/tex/latex/base/ifthen.sty)
(/usr/share/texlive/texmf-dist/tex/latex/tools/longtable.sty)
(/usr/share/texlive/texmf-dist/tex/latex/tools/bm.sty)
(/usr/share/texlive/texmf-dist/tex/latex/base/alltt.sty)
(/usr/share/texlive/texmf-dist/tex/latex/tools/verbatim.sty)
(/usr/share/texlive/texmf-dist/tex/latex/url/url.sty)
(/usr/share/texlive/texmf-dist/tex/latex/base/textcomp.sty
(/usr/share/texlive/texmf-dist/tex/latex/base/ts1enc.def))
(/usr/share/texlive/texmf-dist/tex/latex/base/fontenc.sty
(/usr/share/texlive/texmf-dist/tex/latex/base/t1enc.def))
(/usr/share/texlive/texmf-dist/tex/latex/psnfss/times.sty)
(/usr/share/texlive/texmf-dist/tex/latex/inconsolata/zi4.sty
(/usr/share/texlive/texmf-dist/tex/latex/graphics/keyval.sty))
(/usr/share/texlive/texmf-dist/tex/latex/graphics/color.sty
(/usr/share/texlive/texmf-dist/tex/latex/latexconfig/color.cfg)
(/usr/share/texlive/texmf-dist/tex/latex/pdftex-def/pdftex.def
(/usr/share/texlive/texmf-dist/tex/generic/oberdiek/infwarerr.sty)
(/usr/share/texlive/texmf-dist/tex/generic/oberdiek/ltxcmds.sty)))
(/usr/share/texlive/texmf-dist/tex/latex/hyperref/hyperref.sty
(/usr/share/texlive/texmf-dist/tex/generic/oberdiek/hobsub-hyperref.sty
(/usr/share/texlive/texmf-dist/tex/generic/oberdiek/hobsub-generic.sty))
(/usr/share/texlive/texmf-dist/tex/generic/ifxetex/ifxetex.sty)
(/usr/share/texlive/texmf-dist/tex/latex/oberdiek/auxhook.sty)
(/usr/share/texlive/texmf-dist/tex/latex/oberdiek/kvoptions.sty)
(/usr/share/texlive/texmf-dist/tex/latex/hyperref/pd1enc.def)
(/usr/share/texlive/texmf-dist/tex/latex/latexconfig/hyperref.cfg))

Package hyperref Message: Driver (autodetected): hpdftex.

(/usr/share/texlive/texmf-dist/tex/latex/hyperref/hpdftex.def
(/usr/share/texlive/texmf-dist/tex/latex/oberdiek/rerunfilecheck.sty))

Package hyperref Warning: Option `hyperindex' has already been used,
(hyperref)                setting the option has no effect on input line 366.


Package hyperref Warning: Option `pagebackref' has already been used,
(hyperref)                setting the option has no effect on input line 366.

) (/usr/share/texlive/texmf-dist/tex/latex/base/makeidx.sty)
(/usr/share/texlive/texmf-dist/tex/latex/base/inputenc.sty
(/usr/share/texlive/texmf-dist/tex/latex/base/utf8.def
(/usr/share/texlive/texmf-dist/tex/latex/base/t1enc.dfu)
(/usr/share/texlive/texmf-dist/tex/latex/base/ot1enc.dfu)
(/usr/share/texlive/texmf-dist/tex/latex/base/omsenc.dfu)
(/usr/share/texlive/texmf-dist/tex/latex/base/ts1enc.dfu))
(/usr/share/texlive/texmf-dist/tex/latex/base/latin1.def))
Writing index file Rd2.idx
(./Rd2.aux) (/usr/share/texlive/texmf-dist/tex/latex/base/ts1cmr.fd)
(/usr/share/texlive/texmf-dist/tex/latex/psnfss/t1ptm.fd)
(/usr/share/texlive/texmf-dist/tex/context/base/supp-pdf.mkii
[Loading MPS to PDF converter (version 2006.09.02).]
) (/usr/share/texlive/texmf-dist/tex/latex/hyperref/nameref.sty
(/usr/share/texlive/texmf-dist/tex/generic/oberdiek/gettitlestring.sty))
(./Rd2.out) (./Rd2.out)
(/usr/share/texlive/texmf-dist/tex/latex/inconsolata/t1zi4.fd)
(/usr/share/texlive/texmf-dist/tex/latex/psnfss/t1phv.fd) (./Rd2.toc)
(/usr/share/texlive/texmf-dist/tex/latex/base/utf8.def) [1{/var/lib/texmf/fonts
/map/pdftex/updmap/pdftex.map}] [2]
(/usr/share/texlive/texmf-dist/tex/latex/inconsolata/ts1zi4.fd)
Overfull \hbox (158.28091pt too wide) in paragraph at lines 63--63
 []\T1/zi4/m/n/9 normalizzaTesti(c(\TS1/zi4/m/n/9 '\T1/zi4/m/n/9 ciao bella!\TS
1/zi4/m/n/9 '\T1/zi4/m/n/9 ,\TS1/zi4/m/n/9 '\T1/zi4/m/n/9 www.associazionerospo
.org\TS1/zi4/m/n/9 '\T1/zi4/m/n/9 ,\TS1/zi4/m/n/9 '\T1/zi4/m/n/9 noooo, che gra
ndeeeeee!!!!!\TS1/zi4/m/n/9 '\T1/zi4/m/n/9 ,\TS1/zi4/m/n/9 '\T1/zi4/m/n/9 mitti
cooo\TS1/zi4/m/n/9 '\T1/zi4/m/n/9 , \TS1/zi4/m/n/9 '\T1/zi4/m/n/9 mai possibile
?!?!\TS1/zi4/m/n/9 '\T1/zi4/m/n/9 ))[] 

Overfull \hbox (217.68097pt too wide) in paragraph at lines 70--70
 []\T1/zi4/m/n/9 ## Not run: urls=urlExtract("Influenza Vaccination | ONS - Onc
ology Nursing Society http://t.co/924sRKGBU9 See All http://t.co/dbtPJRMl00")[]
 
(/usr/share/texlive/texmf-dist/tex/latex/base/utf8.def)
Overfull \hbox (45.78088pt too wide) in paragraph at lines 90--90
 []\T1/zi4/m/n/10 classificaUtenti(names, vocabolario = NULL, ifManyUseFirst = 
TRUE, NAasExtraLevel = FALSE)[] 
[3]
Overfull \hbox (42.82822pt too wide) in paragraph at lines 97--98
[]\T1/zi4/m/n/10 data.frame \T1/ptm/m/n/10 di una colonna con la clas-si-fi-caz
ione da as-so-ciare. I \T1/zi4/m/n/10 rownames(vocabolario)
(/usr/share/texlive/texmf-dist/tex/latex/base/utf8.def) [4]
Overfull \hbox (271.68097pt too wide) in paragraph at lines 168--168
 [] \T1/zi4/m/n/9 testo=c("Influenza Vaccination | ONS - Oncology Nursing Socie
ty http://t.co/924sRKGBU9 See All http://t.co/dbtPJRMl00,See All http://t.co/db
tPJRMl00")[] 
(/usr/share/texlive/texmf-dist/tex/latex/base/utf8.def)
Overfull \hbox (5.78088pt too wide) in paragraph at lines 210--210
 []\T1/zi4/m/n/10 normalizzapunteggiatura(testo, removeUnderscore = TRUE, perl 
= TRUE, fixed = TRUE)[] 
[5]
Overfull \hbox (179.04903pt too wide) in paragraph at lines 234--235
[]\T1/ptm/m/n/10 stringhe da con-tare nei doc-u-menti. De-fault:  \T1/zi4/m/n/1
0 c("\\?","\\!","#","@", "(|euro)","(\$|dollar)","SUPPRESSEDTEXT") 
[6]
Overfull \hbox (214.98093pt too wide) in paragraph at lines 261--261
 []\T1/zi4/m/n/9 testoNorm <- normalizzaTesti(c(\TS1/zi4/m/n/9 '\T1/zi4/m/n/9 c
iao bella!\TS1/zi4/m/n/9 '\T1/zi4/m/n/9 ,\TS1/zi4/m/n/9 '\T1/zi4/m/n/9 www.asso
ciazionerospo.org\TS1/zi4/m/n/9 '\T1/zi4/m/n/9 ,\TS1/zi4/m/n/9 '\T1/zi4/m/n/9 n
oooo, che grandeeeeee!!!!!\TS1/zi4/m/n/9 '\T1/zi4/m/n/9 ,\TS1/zi4/m/n/9 '\T1/zi
4/m/n/9 mitticooo\TS1/zi4/m/n/9 '\T1/zi4/m/n/9 , \TS1/zi4/m/n/9 '\T1/zi4/m/n/9 
mai possibile?!?!\TS1/zi4/m/n/9 '\T1/zi4/m/n/9 ))[] 
(/usr/share/texlive/texmf-dist/tex/latex/base/utf8.def) [7]
Overfull \hbox (222.181pt too wide) in paragraph at lines 317--317
 [] \T1/zi4/m/n/9 "RT @LAVonlus: Tre miti da sfatare sulla #vivisezione. Le ris
poste  ai luoghi comuni della sperimentazione animale  http://t.co/zHSfam16DT",
[] 

Overfull \hbox (160.98099pt too wide) in paragraph at lines 318--318
 [] \T1/zi4/m/n/9 "Tre miti da sfatare sulla #vivisezione. Le risposte  ai luog
hi comuni della sperimentazione animale  http://t.co/zHSfam16DT",[] 

Overfull \hbox (222.181pt too wide) in paragraph at lines 319--319
 [] \T1/zi4/m/n/9 "RT @LAVonlus: Tre miti da sfatare sulla #vivisezione. Le ris
poste  ai luoghi comuni della sperimentazione animale  http://t.co/zHSfam16DT",
[] 

Overfull \hbox (235.681pt too wide) in paragraph at lines 320--320
 [] \T1/zi4/m/n/9 "RT @orianoPER: La #sperimentazioneanimale è inutile perché n
on predittiva per la specie umana. MEDICI ANTI #VIVISEZIONE- LIMAV http://t.co/
" ,[] 

Overfull \hbox (211.38098pt too wide) in paragraph at lines 321--321
 [] \T1/zi4/m/n/9 "La #sperimentazioneanimale è inutile perché non predittiva p
er la specie umana. MEDICI ANTI #VIVISEZIONE- LIMAV http://t.co/3MwubXIH8g",[] 


Overfull \hbox (235.681pt too wide) in paragraph at lines 322--322
 [] \T1/zi4/m/n/9 "RT @orianoPER: La #ricerca in #Medicina con #sperimentazione
animale non e\TS1/zi4/m/n/9 ' \T1/zi4/m/n/9 predittiva per la specie umana. MED
ICI ANTI #VIVISEZIONE http://t",[] 

Overfull \hbox (185.28098pt too wide) in paragraph at lines 323--323
 [] \T1/zi4/m/n/9 "RT @HuffPostItalia: Il Governo italiano non fermi la sperime
ntazione animale. Intervista a Elena Cattaneo http://t.co/q1dm430a9j",[] 

Overfull \hbox (203.28098pt too wide) in paragraph at lines 324--324
 [] \T1/zi4/m/n/9 "RT @HuffPostItalia: \"Il Governo italiano non fermi la speri
mentazione animale\". Intervista a Elena Cattaneo http://t.co/q1dm430a9j",[] 

Overfull \hbox (115.08096pt too wide) in paragraph at lines 325--325
 [] \T1/zi4/m/n/9 "\"Il Governo italiano non fermi la sperimentazione animale\"
. Intervista a Elena Cattaneo http://t.co/q1dm430a9j",[] 

Overfull \hbox (241.08096pt too wide) in paragraph at lines 326--326
 [] \T1/zi4/m/n/9 "RT @orianoPER: @EnricoLetta LA #VIVISEZIONE NON SERVE: PAROL
A DI GLAXO-APTUIT http://t.co/mtsHJjDIvu #StopVivisection #SperimentazioneAnima
&")[] 
(/usr/share/texlive/texmf-dist/tex/latex/base/utf8.def) [8]
(/usr/share/texlive/texmf-dist/tex/latex/base/utf8.def)
Overfull \hbox (32.78088pt too wide) in paragraph at lines 394--394
 []\T1/zi4/m/n/10 selezionaIntervalloTimeStamp(db, timeRange = range(db$created
) , campoData = "created")[] 
[9]
Overfull \hbox (78.18094pt too wide) in paragraph at lines 421--421
 [] \T1/zi4/m/n/9 ## Not run: TW=selezionaIntervallo(TW,as.POSIXct(c("2013-12-2
7 17:54:42 CET", "2013-12-27 22:33:38 CET")))[] 
(./Rd2.ind [10]

LaTeX Font Warning: Font shape `T1/zi4/m/it' undefined
(Font)              using `T1/zi4/m/n' instead on input line 34.

[11]) (./Rd2.aux)

LaTeX Font Warning: Some font shapes were not available, defaults substituted.

 )
(see the transcript file for additional information)pdfTeX warning (dest): name
{Rfn.base:gsub} has been referenced but does not exist, replaced by a fixed one


{/usr/share/texlive/texmf-dist/fonts/enc/dvips/inconsolata/i4-ts1.enc}{/usr/sha
re/texlive/texmf-dist/fonts/enc/dvips/base/8r.enc}{/usr/share/texlive/texmf-dis
t/fonts/enc/dvips/inconsolata/i4-t1-0.enc}</usr/share/texlive/texmf-dist/fonts/
type1/public/inconsolata/Inconsolata-zi4r.pfb></usr/share/texlive/texmf-dist/fo
nts/type1/public/amsfonts/cm/cmsy10.pfb></usr/share/texlive/texmf-dist/fonts/ty
pe1/urw/helvetic/uhvr8a.pfb></usr/share/texlive/texmf-dist/fonts/type1/urw/time
s/utmb8a.pfb></usr/share/texlive/texmf-dist/fonts/type1/urw/times/utmr8a.pfb></
usr/share/texlive/texmf-dist/fonts/type1/urw/times/utmr8a.pfb></usr/share/texli
ve/texmf-dist/fonts/type1/urw/times/utmri8a.pfb>
Output written on Rd2.pdf (11 pages, 101583 bytes).
Transcript written on Rd2.log.
Saving output to 'TextWiller-manual.pdf' ...
Done
You may want to clean up by 'rm -rf /tmp/RtmpE34PJb/Rd2pdf210a4e9190a9'
